This file contains any messages produced by compilers while
running configure, to aid debugging if configure makes a mistake.

It was created by virt-viewer configure 5.0, which was
generated by GNU Autoconf 2.69.  Invocation command line was

  $ ./configure --build=x86_64-redhat-linux-gnu --host=x86_64-redhat-linux-gnu --program-prefix= --disable-dependency-tracking --prefix=/usr --exec-prefix=/usr --bindir=/usr/bin --sbindir=/usr/sbin --sysconfdir=/etc --datadir=/usr/share --includedir=/usr/include --libdir=/usr/lib64 --libexecdir=/usr/libexec --localstatedir=/var --sharedstatedir=/var/lib --mandir=/usr/share/man --infodir=/usr/share/info --with-spice-gtk --with-ovirt --with-buildid=12.el7 --disable-update-mimedb --with-osid=rhel7

## --------- ##
## Platform. ##
## --------- ##

hostname = timothy
uname -m = x86_64
uname -r = 3.10.0-957.el7.x86_64
uname -s = Linux
uname -v = #1 SMP Thu Nov 8 23:39:32 UTC 2018

/usr/bin/uname -p = x86_64
/bin/uname -X     = unknown

/bin/arch              = x86_64
/usr/bin/arch -k       = unknown
/usr/convex/getsysinfo = unknown
/usr/bin/hostinfo      = unknown
/bin/machine           = unknown
/usr/bin/oslevel       = unknown
/bin/universe          = unknown

PATH: /usr/local/bin
PATH: /usr/local/sbin
PATH: /usr/bin
PATH: /usr/sbin
PATH: /bin
PATH: /sbin
PATH: /root/bin


## ----------- ##
## Core tests. ##
## ----------- ##

configure:2423: checking for a BSD-compatible install
configure:2491: result: /usr/bin/install -c
configure:2502: checking whether build environment is sane
configure:2557: result: yes
configure:2708: checking for a thread-safe mkdir -p
configure:2747: result: /usr/bin/mkdir -p
configure:2754: checking for gawk
configure:2770: found /usr/bin/gawk
configure:2781: result: gawk
configure:2792: checking whether make sets $(MAKE)
configure:2814: result: yes
configure:2843: checking whether make supports nested variables
configure:2860: result: yes
configure:2948: checking build system type
configure:2962: result: x86_64-redhat-linux-gnu
configure:2982: checking host system type
configure:2995: result: x86_64-redhat-linux-gnu
configure:3029: checking whether make supports nested variables
configure:3046: result: yes
configure:3084: checking for native Win32
configure:3103: result: no
configure:3122: checking for x86_64-redhat-linux-gnu-gcc
configure:3152: result: no
configure:3162: checking for gcc
configure:3178: found /usr/bin/gcc
configure:3189: result: gcc
configure:3418: checking for C compiler version
configure:3427: gcc --version >&5
gcc (GCC) 4.8.5 20150623 (Red Hat 4.8.5-36)
Copyright (C) 2015 Free Software Foundation, Inc.
This is free software; see the source for copying conditions.  There is NO
warranty; not even for MERCHANTABILITY or FITNESS FOR A PARTICULAR PURPOSE.

configure:3438: $? = 0
configure:3427: gcc -v >&5
Using built-in specs.
COLLECT_GCC=gcc
COLLECT_LTO_WRAPPER=/usr/libexec/gcc/x86_64-redhat-linux/4.8.5/lto-wrapper
Target: x86_64-redhat-linux
Configured with: ../configure --prefix=/usr --mandir=/usr/share/man --infodir=/usr/share/info --with-bugurl=http://bugzilla.redhat.com/bugzilla --enable-bootstrap --enable-shared --enable-threads=posix --enable-checking=release --with-system-zlib --enable-__cxa_atexit --disable-libunwind-exceptions --enable-gnu-unique-object --enable-linker-build-id --with-linker-hash-style=gnu --enable-languages=c,c++,objc,obj-c++,java,fortran,ada,go,lto --enable-plugin --enable-initfini-array --disable-libgcj --with-isl=/builddir/build/BUILD/gcc-4.8.5-20150702/obj-x86_64-redhat-linux/isl-install --with-cloog=/builddir/build/BUILD/gcc-4.8.5-20150702/obj-x86_64-redhat-linux/cloog-install --enable-gnu-indirect-function --with-tune=generic --with-arch_32=x86-64 --build=x86_64-redhat-linux
Thread model: posix
gcc version 4.8.5 20150623 (Red Hat 4.8.5-36) (GCC) 
configure:3438: $? = 0
configure:3427: gcc -V >&5
gcc: error: unrecognized command line option '-V'
gcc: fatal error: no input files
compilation terminated.
configure:3438: $? = 4
configure:3427: gcc -qversion >&5
gcc: error: unrecognized command line option '-qversion'
gcc: fatal error: no input files
compilation terminated.
configure:3438: $? = 4
configure:3458: checking whether the C compiler works
configure:3480: gcc -O2 -g -pipe -Wall -Wp,-D_FORTIFY_SOURCE=2 -fexceptions -fstack-protector-strong --param=ssp-buffer-size=4 -grecord-gcc-switches -specs=/usr/lib/rpm/redhat/redhat-hardened-cc1  -m64 -mtune=generic  -Wl,-z,relro -specs=/usr/lib/rpm/redhat/redhat-hardened-ld conftest.c  >&5
configure:3484: $? = 0
configure:3532: result: yes
configure:3535: checking for C compiler default output file name
configure:3537: result: a.out
configure:3543: checking for suffix of executables
configure:3550: gcc -o conftest -O2 -g -pipe -Wall -Wp,-D_FORTIFY_SOURCE=2 -fexceptions -fstack-protector-strong --param=ssp-buffer-size=4 -grecord-gcc-switches -specs=/usr/lib/rpm/redhat/redhat-hardened-cc1  -m64 -mtune=generic  -Wl,-z,relro -specs=/usr/lib/rpm/redhat/redhat-hardened-ld conftest.c  >&5
configure:3554: $? = 0
configure:3576: result: 
configure:3598: checking whether we are cross compiling
configure:3606: gcc -o conftest -O2 -g -pipe -Wall -Wp,-D_FORTIFY_SOURCE=2 -fexceptions -fstack-protector-strong --param=ssp-buffer-size=4 -grecord-gcc-switches -specs=/usr/lib/rpm/redhat/redhat-hardened-cc1  -m64 -mtune=generic  -Wl,-z,relro -specs=/usr/lib/rpm/redhat/redhat-hardened-ld conftest.c  >&5
configure:3610: $? = 0
configure:3617: ./conftest
configure:3621: $? = 0
configure:3636: result: no
configure:3641: checking for suffix of object files
configure:3663: gcc -c -O2 -g -pipe -Wall -Wp,-D_FORTIFY_SOURCE=2 -fexceptions -fstack-protector-strong --param=ssp-buffer-size=4 -grecord-gcc-switches -specs=/usr/lib/rpm/redhat/redhat-hardened-cc1  -m64 -mtune=generic  conftest.c >&5
configure:3667: $? = 0
configure:3688: result: o
configure:3692: checking whether we are using the GNU C compiler
configure:3711: gcc -c -O2 -g -pipe -Wall -Wp,-D_FORTIFY_SOURCE=2 -fexceptions -fstack-protector-strong --param=ssp-buffer-size=4 -grecord-gcc-switches -specs=/usr/lib/rpm/redhat/redhat-hardened-cc1  -m64 -mtune=generic  conftest.c >&5
configure:3711: $? = 0
configure:3720: result: yes
configure:3729: checking whether gcc accepts -g
configure:3749: gcc -c -g  conftest.c >&5
configure:3749: $? = 0
configure:3790: result: yes
configure:3807: checking for gcc option to accept ISO C89
configure:3870: gcc  -c -O2 -g -pipe -Wall -Wp,-D_FORTIFY_SOURCE=2 -fexceptions -fstack-protector-strong --param=ssp-buffer-size=4 -grecord-gcc-switches -specs=/usr/lib/rpm/redhat/redhat-hardened-cc1  -m64 -mtune=generic  conftest.c >&5
configure:3870: $? = 0
configure:3883: result: none needed
configure:3914: checking for style of include used by make
configure:3942: result: GNU
configure:3968: checking dependency style of gcc
configure:4079: result: none
configure:4095: checking whether gcc and cc understand -c and -o together
configure:4126: gcc -c conftest.c -o conftest2.o >&5
configure:4130: $? = 0
configure:4136: gcc -c conftest.c -o conftest2.o >&5
configure:4140: $? = 0
configure:4151: cc -c conftest.c >&5
configure:4155: $? = 0
configure:4163: cc -c conftest.c -o conftest2.o >&5
configure:4167: $? = 0
configure:4173: cc -c conftest.c -o conftest2.o >&5
configure:4177: $? = 0
configure:4195: result: yes
configure:4266: checking how to print strings
configure:4293: result: printf
configure:4314: checking for a sed that does not truncate output
configure:4378: result: /usr/bin/sed
configure:4396: checking for grep that handles long lines and -e
configure:4454: result: /usr/bin/grep
configure:4459: checking for egrep
configure:4521: result: /usr/bin/grep -E
configure:4526: checking for fgrep
configure:4588: result: /usr/bin/grep -F
configure:4623: checking for ld used by gcc
configure:4690: result: /usr/bin/ld
configure:4697: checking if the linker (/usr/bin/ld) is GNU ld
configure:4712: result: yes
configure:4724: checking for BSD- or MS-compatible name lister (nm)
configure:4773: result: /usr/bin/nm -B
configure:4903: checking the name lister (/usr/bin/nm -B) interface
configure:4910: gcc -c -O2 -g -pipe -Wall -Wp,-D_FORTIFY_SOURCE=2 -fexceptions -fstack-protector-strong --param=ssp-buffer-size=4 -grecord-gcc-switches -specs=/usr/lib/rpm/redhat/redhat-hardened-cc1  -m64 -mtune=generic  conftest.c >&5
configure:4913: /usr/bin/nm -B "conftest.o"
configure:4916: output
0000000000000000 B some_variable
configure:4923: result: BSD nm
configure:4926: checking whether ln -s works
configure:4930: result: yes
configure:4938: checking the maximum length of command line arguments
configure:5068: result: 1572864
configure:5085: checking whether the shell understands some XSI constructs
configure:5095: result: yes
configure:5099: checking whether the shell understands "+="
configure:5105: result: yes
configure:5140: checking how to convert x86_64-redhat-linux-gnu file names to x86_64-redhat-linux-gnu format
configure:5180: result: func_convert_file_noop
configure:5187: checking how to convert x86_64-redhat-linux-gnu file names to toolchain format
configure:5207: result: func_convert_file_noop
configure:5214: checking for /usr/bin/ld option to reload object files
configure:5221: result: -r
configure:5255: checking for x86_64-redhat-linux-gnu-objdump
configure:5285: result: no
configure:5295: checking for objdump
configure:5311: found /usr/bin/objdump
configure:5322: result: objdump
configure:5354: checking how to recognize dependent libraries
configure:5556: result: pass_all
configure:5601: checking for x86_64-redhat-linux-gnu-dlltool
configure:5631: result: no
configure:5641: checking for dlltool
configure:5671: result: no
configure:5701: checking how to associate runtime and link libraries
configure:5728: result: printf %s\n
configure:5745: checking for x86_64-redhat-linux-gnu-ar
configure:5775: result: no
configure:5789: checking for ar
configure:5805: found /usr/bin/ar
configure:5816: result: ar
configure:5853: checking for archiver @FILE support
configure:5870: gcc -c -O2 -g -pipe -Wall -Wp,-D_FORTIFY_SOURCE=2 -fexceptions -fstack-protector-strong --param=ssp-buffer-size=4 -grecord-gcc-switches -specs=/usr/lib/rpm/redhat/redhat-hardened-cc1  -m64 -mtune=generic  conftest.c >&5
configure:5870: $? = 0
configure:5873: ar cru libconftest.a @conftest.lst >&5
configure:5876: $? = 0
configure:5881: ar cru libconftest.a @conftest.lst >&5
ar: conftest.o: No such file or directory
configure:5884: $? = 1
configure:5896: result: @
configure:5914: checking for x86_64-redhat-linux-gnu-strip
configure:5944: result: no
configure:5954: checking for strip
configure:5970: found /usr/bin/strip
configure:5981: result: strip
configure:6013: checking for x86_64-redhat-linux-gnu-ranlib
configure:6043: result: no
configure:6053: checking for ranlib
configure:6069: found /usr/bin/ranlib
configure:6080: result: ranlib
configure:6182: checking command to parse /usr/bin/nm -B output from gcc object
configure:6302: gcc -c -O2 -g -pipe -Wall -Wp,-D_FORTIFY_SOURCE=2 -fexceptions -fstack-protector-strong --param=ssp-buffer-size=4 -grecord-gcc-switches -specs=/usr/lib/rpm/redhat/redhat-hardened-cc1  -m64 -mtune=generic  conftest.c >&5
configure:6305: $? = 0
configure:6309: /usr/bin/nm -B conftest.o \| sed -n -e 's/^.*[ ]\([ABCDGIRSTW][ABCDGIRSTW]*\)[ ][ ]*\([_A-Za-z][_A-Za-z0-9]*\)$/\1 \2 \2/p' | sed '/ __gnu_lto/d' \> conftest.nm
configure:6312: $? = 0
configure:6378: gcc -o conftest -O2 -g -pipe -Wall -Wp,-D_FORTIFY_SOURCE=2 -fexceptions -fstack-protector-strong --param=ssp-buffer-size=4 -grecord-gcc-switches -specs=/usr/lib/rpm/redhat/redhat-hardened-cc1  -m64 -mtune=generic  -Wl,-z,relro -specs=/usr/lib/rpm/redhat/redhat-hardened-ld conftest.c conftstm.o >&5
configure:6381: $? = 0
configure:6419: result: ok
configure:6456: checking for sysroot
configure:6486: result: no
configure:6563: gcc -c -O2 -g -pipe -Wall -Wp,-D_FORTIFY_SOURCE=2 -fexceptions -fstack-protector-strong --param=ssp-buffer-size=4 -grecord-gcc-switches -specs=/usr/lib/rpm/redhat/redhat-hardened-cc1  -m64 -mtune=generic  conftest.c >&5
configure:6566: $? = 0
configure:6702: checking for x86_64-redhat-linux-gnu-mt
configure:6732: result: no
configure:6742: checking for mt
configure:6772: result: no
configure:6792: checking if : is a manifest tool
configure:6798: : '-?'
configure:6806: result: no
configure:7448: checking how to run the C preprocessor
configure:7479: gcc -E  conftest.c
configure:7479: $? = 0
configure:7493: gcc -E  conftest.c
conftest.c:11:28: fatal error: ac_nonexistent.h: No such file or directory
 #include <ac_nonexistent.h>
                            ^
compilation terminated.
configure:7493: $? = 1
configure: failed program was:
| /* confdefs.h */
| #define PACKAGE_NAME "virt-viewer"
| #define PACKAGE_TARNAME "virt-viewer"
| #define PACKAGE_VERSION "5.0"
| #define PACKAGE_STRING "virt-viewer 5.0"
| #define PACKAGE_BUGREPORT ""
| #define PACKAGE_URL ""
| #define PACKAGE "virt-viewer"
| #define VERSION "5.0"
| /* end confdefs.h.  */
| #include <ac_nonexistent.h>
configure:7518: result: gcc -E
configure:7538: gcc -E  conftest.c
configure:7538: $? = 0
configure:7552: gcc -E  conftest.c
conftest.c:11:28: fatal error: ac_nonexistent.h: No such file or directory
 #include <ac_nonexistent.h>
                            ^
compilation terminated.
configure:7552: $? = 1
configure: failed program was:
| /* confdefs.h */
| #define PACKAGE_NAME "virt-viewer"
| #define PACKAGE_TARNAME "virt-viewer"
| #define PACKAGE_VERSION "5.0"
| #define PACKAGE_STRING "virt-viewer 5.0"
| #define PACKAGE_BUGREPORT ""
| #define PACKAGE_URL ""
| #define PACKAGE "virt-viewer"
| #define VERSION "5.0"
| /* end confdefs.h.  */
| #include <ac_nonexistent.h>
configure:7581: checking for ANSI C header files
configure:7601: gcc -c -O2 -g -pipe -Wall -Wp,-D_FORTIFY_SOURCE=2 -fexceptions -fstack-protector-strong --param=ssp-buffer-size=4 -grecord-gcc-switches -specs=/usr/lib/rpm/redhat/redhat-hardened-cc1  -m64 -mtune=generic  conftest.c >&5
configure:7601: $? = 0
configure:7674: gcc -o conftest -O2 -g -pipe -Wall -Wp,-D_FORTIFY_SOURCE=2 -fexceptions -fstack-protector-strong --param=ssp-buffer-size=4 -grecord-gcc-switches -specs=/usr/lib/rpm/redhat/redhat-hardened-cc1  -m64 -mtune=generic  -Wl,-z,relro -specs=/usr/lib/rpm/redhat/redhat-hardened-ld conftest.c  >&5
configure:7674: $? = 0
configure:7674: ./conftest
configure:7674: $? = 0
configure:7685: result: yes
configure:7698: checking for sys/types.h
configure:7698: gcc -c -O2 -g -pipe -Wall -Wp,-D_FORTIFY_SOURCE=2 -fexceptions -fstack-protector-strong --param=ssp-buffer-size=4 -grecord-gcc-switches -specs=/usr/lib/rpm/redhat/redhat-hardened-cc1  -m64 -mtune=generic  conftest.c >&5
configure:7698: $? = 0
configure:7698: result: yes
configure:7698: checking for sys/stat.h
configure:7698: gcc -c -O2 -g -pipe -Wall -Wp,-D_FORTIFY_SOURCE=2 -fexceptions -fstack-protector-strong --param=ssp-buffer-size=4 -grecord-gcc-switches -specs=/usr/lib/rpm/redhat/redhat-hardened-cc1  -m64 -mtune=generic  conftest.c >&5
configure:7698: $? = 0
configure:7698: result: yes
configure:7698: checking for stdlib.h
configure:7698: gcc -c -O2 -g -pipe -Wall -Wp,-D_FORTIFY_SOURCE=2 -fexceptions -fstack-protector-strong --param=ssp-buffer-size=4 -grecord-gcc-switches -specs=/usr/lib/rpm/redhat/redhat-hardened-cc1  -m64 -mtune=generic  conftest.c >&5
configure:7698: $? = 0
configure:7698: result: yes
configure:7698: checking for string.h
configure:7698: gcc -c -O2 -g -pipe -Wall -Wp,-D_FORTIFY_SOURCE=2 -fexceptions -fstack-protector-strong --param=ssp-buffer-size=4 -grecord-gcc-switches -specs=/usr/lib/rpm/redhat/redhat-hardened-cc1  -m64 -mtune=generic  conftest.c >&5
configure:7698: $? = 0
configure:7698: result: yes
configure:7698: checking for memory.h
configure:7698: gcc -c -O2 -g -pipe -Wall -Wp,-D_FORTIFY_SOURCE=2 -fexceptions -fstack-protector-strong --param=ssp-buffer-size=4 -grecord-gcc-switches -specs=/usr/lib/rpm/redhat/redhat-hardened-cc1  -m64 -mtune=generic  conftest.c >&5
configure:7698: $? = 0
configure:7698: result: yes
configure:7698: checking for strings.h
configure:7698: gcc -c -O2 -g -pipe -Wall -Wp,-D_FORTIFY_SOURCE=2 -fexceptions -fstack-protector-strong --param=ssp-buffer-size=4 -grecord-gcc-switches -specs=/usr/lib/rpm/redhat/redhat-hardened-cc1  -m64 -mtune=generic  conftest.c >&5
configure:7698: $? = 0
configure:7698: result: yes
configure:7698: checking for inttypes.h
configure:7698: gcc -c -O2 -g -pipe -Wall -Wp,-D_FORTIFY_SOURCE=2 -fexceptions -fstack-protector-strong --param=ssp-buffer-size=4 -grecord-gcc-switches -specs=/usr/lib/rpm/redhat/redhat-hardened-cc1  -m64 -mtune=generic  conftest.c >&5
configure:7698: $? = 0
configure:7698: result: yes
configure:7698: checking for stdint.h
configure:7698: gcc -c -O2 -g -pipe -Wall -Wp,-D_FORTIFY_SOURCE=2 -fexceptions -fstack-protector-strong --param=ssp-buffer-size=4 -grecord-gcc-switches -specs=/usr/lib/rpm/redhat/redhat-hardened-cc1  -m64 -mtune=generic  conftest.c >&5
configure:7698: $? = 0
configure:7698: result: yes
configure:7698: checking for unistd.h
configure:7698: gcc -c -O2 -g -pipe -Wall -Wp,-D_FORTIFY_SOURCE=2 -fexceptions -fstack-protector-strong --param=ssp-buffer-size=4 -grecord-gcc-switches -specs=/usr/lib/rpm/redhat/redhat-hardened-cc1  -m64 -mtune=generic  conftest.c >&5
configure:7698: $? = 0
configure:7698: result: yes
configure:7712: checking for dlfcn.h
configure:7712: gcc -c -O2 -g -pipe -Wall -Wp,-D_FORTIFY_SOURCE=2 -fexceptions -fstack-protector-strong --param=ssp-buffer-size=4 -grecord-gcc-switches -specs=/usr/lib/rpm/redhat/redhat-hardened-cc1  -m64 -mtune=generic  conftest.c >&5
configure:7712: $? = 0
configure:7712: result: yes
configure:7918: checking for objdir
configure:7933: result: .libs
configure:8204: checking if gcc supports -fno-rtti -fno-exceptions
configure:8222: gcc -c -O2 -g -pipe -Wall -Wp,-D_FORTIFY_SOURCE=2 -fexceptions -fstack-protector-strong --param=ssp-buffer-size=4 -grecord-gcc-switches -specs=/usr/lib/rpm/redhat/redhat-hardened-cc1  -m64 -mtune=generic  -fno-rtti -fno-exceptions conftest.c >&5
cc1: warning: command line option '-fno-rtti' is valid for C++/ObjC++ but not for C [enabled by default]
configure:8226: $? = 0
configure:8239: result: no
configure:8566: checking for gcc option to produce PIC
configure:8573: result: -fPIC -DPIC
configure:8581: checking if gcc PIC flag -fPIC -DPIC works
configure:8599: gcc -c -O2 -g -pipe -Wall -Wp,-D_FORTIFY_SOURCE=2 -fexceptions -fstack-protector-strong --param=ssp-buffer-size=4 -grecord-gcc-switches -specs=/usr/lib/rpm/redhat/redhat-hardened-cc1  -m64 -mtune=generic  -fPIC -DPIC -DPIC conftest.c >&5
configure:8603: $? = 0
configure:8616: result: yes
configure:8645: checking if gcc static flag -static works
configure:8673: result: no
configure:8688: checking if gcc supports -c -o file.o
configure:8709: gcc -c -O2 -g -pipe -Wall -Wp,-D_FORTIFY_SOURCE=2 -fexceptions -fstack-protector-strong --param=ssp-buffer-size=4 -grecord-gcc-switches -specs=/usr/lib/rpm/redhat/redhat-hardened-cc1  -m64 -mtune=generic  -o out/conftest2.o conftest.c >&5
configure:8713: $? = 0
configure:8735: result: yes
configure:8743: checking if gcc supports -c -o file.o
configure:8790: result: yes
configure:8823: checking whether the gcc linker (/usr/bin/ld -m elf_x86_64) supports shared libraries
configure:9976: result: yes
configure:10013: checking whether -lc should be explicitly linked in
configure:10021: gcc -c -O2 -g -pipe -Wall -Wp,-D_FORTIFY_SOURCE=2 -fexceptions -fstack-protector-strong --param=ssp-buffer-size=4 -grecord-gcc-switches -specs=/usr/lib/rpm/redhat/redhat-hardened-cc1  -m64 -mtune=generic  conftest.c >&5
configure:10024: $? = 0
configure:10039: gcc -shared  -fPIC -DPIC conftest.o  -v -Wl,-soname -Wl,conftest -o conftest 2\>\&1 \| /usr/bin/grep  -lc  \>/dev/null 2\>\&1
configure:10042: $? = 0
configure:10056: result: no
configure:10216: checking dynamic linker characteristics
configure:10727: gcc -o conftest -O2 -g -pipe -Wall -Wp,-D_FORTIFY_SOURCE=2 -fexceptions -fstack-protector-strong --param=ssp-buffer-size=4 -grecord-gcc-switches -specs=/usr/lib/rpm/redhat/redhat-hardened-cc1  -m64 -mtune=generic  -Wl,-z,relro -specs=/usr/lib/rpm/redhat/redhat-hardened-ld -Wl,-rpath -Wl,/foo conftest.c  >&5
configure:10727: $? = 0
configure:10953: result: GNU/Linux ld.so
configure:11060: checking how to hardcode library paths into programs
configure:11085: result: immediate
configure:11625: checking whether stripping libraries is possible
configure:11630: result: yes
configure:11665: checking if libtool supports shared libraries
configure:11667: result: yes
configure:11670: checking whether to build shared libraries
configure:11691: result: yes
configure:11694: checking whether to build static libraries
configure:11698: result: yes
configure:11740: checking for icotool
configure:11770: result: no
configure:11939: checking whether gcc understands -fexceptions
configure:11952: gcc -c -O2 -g -pipe -Wall -Wp,-D_FORTIFY_SOURCE=2 -fexceptions -fstack-protector-strong --param=ssp-buffer-size=4 -grecord-gcc-switches -specs=/usr/lib/rpm/redhat/redhat-hardened-cc1  -m64 -mtune=generic -fexceptions  conftest.c >&5
configure:11952: $? = 0
configure:11959: result: yes
configure:11939: checking whether gcc understands -fstack-protector
configure:11952: gcc -c -O2 -g -pipe -Wall -Wp,-D_FORTIFY_SOURCE=2 -fexceptions -fstack-protector-strong --param=ssp-buffer-size=4 -grecord-gcc-switches -specs=/usr/lib/rpm/redhat/redhat-hardened-cc1  -m64 -mtune=generic -fstack-protector  conftest.c >&5
configure:11952: $? = 0
configure:11959: result: yes
configure:11939: checking whether gcc understands --param=ssp-buffer-size=4
configure:11952: gcc -c -O2 -g -pipe -Wall -Wp,-D_FORTIFY_SOURCE=2 -fexceptions -fstack-protector-strong --param=ssp-buffer-size=4 -grecord-gcc-switches -specs=/usr/lib/rpm/redhat/redhat-hardened-cc1  -m64 -mtune=generic --param=ssp-buffer-size=4  conftest.c >&5
configure:11952: $? = 0
configure:11959: result: yes
configure:11939: checking whether gcc understands -fasynchronous-unwind-tables
configure:11952: gcc -c -O2 -g -pipe -Wall -Wp,-D_FORTIFY_SOURCE=2 -fexceptions -fstack-protector-strong --param=ssp-buffer-size=4 -grecord-gcc-switches -specs=/usr/lib/rpm/redhat/redhat-hardened-cc1  -m64 -mtune=generic -fasynchronous-unwind-tables  conftest.c >&5
configure:11952: $? = 0
configure:11959: result: yes
configure:11939: checking whether gcc understands -Wall
configure:11952: gcc -c -O2 -g -pipe -Wall -Wp,-D_FORTIFY_SOURCE=2 -fexceptions -fstack-protector-strong --param=ssp-buffer-size=4 -grecord-gcc-switches -specs=/usr/lib/rpm/redhat/redhat-hardened-cc1  -m64 -mtune=generic -Wall  conftest.c >&5
configure:11952: $? = 0
configure:11959: result: yes
configure:11939: checking whether gcc understands -Wmissing-prototypes
configure:11952: gcc -c -O2 -g -pipe -Wall -Wp,-D_FORTIFY_SOURCE=2 -fexceptions -fstack-protector-strong --param=ssp-buffer-size=4 -grecord-gcc-switches -specs=/usr/lib/rpm/redhat/redhat-hardened-cc1  -m64 -mtune=generic -Wmissing-prototypes  conftest.c >&5
configure:11952: $? = 0
configure:11959: result: yes
configure:11939: checking whether gcc understands -std=c99
configure:11952: gcc -c -O2 -g -pipe -Wall -Wp,-D_FORTIFY_SOURCE=2 -fexceptions -fstack-protector-strong --param=ssp-buffer-size=4 -grecord-gcc-switches -specs=/usr/lib/rpm/redhat/redhat-hardened-cc1  -m64 -mtune=generic -std=c99  conftest.c >&5
configure:11952: $? = 0
configure:11959: result: yes
configure:11939: checking whether gcc understands -Wnested-externs
configure:11952: gcc -c -O2 -g -pipe -Wall -Wp,-D_FORTIFY_SOURCE=2 -fexceptions -fstack-protector-strong --param=ssp-buffer-size=4 -grecord-gcc-switches -specs=/usr/lib/rpm/redhat/redhat-hardened-cc1  -m64 -mtune=generic -Wnested-externs  conftest.c >&5
configure:11952: $? = 0
configure:11959: result: yes
configure:11939: checking whether gcc understands -Wpointer-arith
configure:11952: gcc -c -O2 -g -pipe -Wall -Wp,-D_FORTIFY_SOURCE=2 -fexceptions -fstack-protector-strong --param=ssp-buffer-size=4 -grecord-gcc-switches -specs=/usr/lib/rpm/redhat/redhat-hardened-cc1  -m64 -mtune=generic -Wpointer-arith  conftest.c >&5
configure:11952: $? = 0
configure:11959: result: yes
configure:11939: checking whether gcc understands -Wextra
configure:11952: gcc -c -O2 -g -pipe -Wall -Wp,-D_FORTIFY_SOURCE=2 -fexceptions -fstack-protector-strong --param=ssp-buffer-size=4 -grecord-gcc-switches -specs=/usr/lib/rpm/redhat/redhat-hardened-cc1  -m64 -mtune=generic -Wextra  conftest.c >&5
configure:11952: $? = 0
configure:11959: result: yes
configure:11939: checking whether gcc understands -Wshadow
configure:11952: gcc -c -O2 -g -pipe -Wall -Wp,-D_FORTIFY_SOURCE=2 -fexceptions -fstack-protector-strong --param=ssp-buffer-size=4 -grecord-gcc-switches -specs=/usr/lib/rpm/redhat/redhat-hardened-cc1  -m64 -mtune=generic -Wshadow  conftest.c >&5
configure:11952: $? = 0
configure:11959: result: yes
configure:11939: checking whether gcc understands -Wcast-align
configure:11952: gcc -c -O2 -g -pipe -Wall -Wp,-D_FORTIFY_SOURCE=2 -fexceptions -fstack-protector-strong --param=ssp-buffer-size=4 -grecord-gcc-switches -specs=/usr/lib/rpm/redhat/redhat-hardened-cc1  -m64 -mtune=generic -Wcast-align  conftest.c >&5
configure:11952: $? = 0
configure:11959: result: yes
configure:11939: checking whether gcc understands -Wwrite-strings
configure:11952: gcc -c -O2 -g -pipe -Wall -Wp,-D_FORTIFY_SOURCE=2 -fexceptions -fstack-protector-strong --param=ssp-buffer-size=4 -grecord-gcc-switches -specs=/usr/lib/rpm/redhat/redhat-hardened-cc1  -m64 -mtune=generic -Wwrite-strings  conftest.c >&5
configure:11952: $? = 0
configure:11959: result: yes
configure:11939: checking whether gcc understands -Waggregate-return
configure:11952: gcc -c -O2 -g -pipe -Wall -Wp,-D_FORTIFY_SOURCE=2 -fexceptions -fstack-protector-strong --param=ssp-buffer-size=4 -grecord-gcc-switches -specs=/usr/lib/rpm/redhat/redhat-hardened-cc1  -m64 -mtune=generic -Waggregate-return  conftest.c >&5
configure:11952: $? = 0
configure:11959: result: yes
configure:11939: checking whether gcc understands -Winline
configure:11952: gcc -c -O2 -g -pipe -Wall -Wp,-D_FORTIFY_SOURCE=2 -fexceptions -fstack-protector-strong --param=ssp-buffer-size=4 -grecord-gcc-switches -specs=/usr/lib/rpm/redhat/redhat-hardened-cc1  -m64 -mtune=generic -Winline  conftest.c >&5
configure:11952: $? = 0
configure:11959: result: yes
configure:11939: checking whether gcc understands -Wredundant-decls
configure:11952: gcc -c -O2 -g -pipe -Wall -Wp,-D_FORTIFY_SOURCE=2 -fexceptions -fstack-protector-strong --param=ssp-buffer-size=4 -grecord-gcc-switches -specs=/usr/lib/rpm/redhat/redhat-hardened-cc1  -m64 -mtune=generic -Wredundant-decls  conftest.c >&5
configure:11952: $? = 0
configure:11959: result: yes
configure:11939: checking whether gcc understands -Wdeprecated-declarations
configure:11952: gcc -c -O2 -g -pipe -Wall -Wp,-D_FORTIFY_SOURCE=2 -fexceptions -fstack-protector-strong --param=ssp-buffer-size=4 -grecord-gcc-switches -specs=/usr/lib/rpm/redhat/redhat-hardened-cc1  -m64 -mtune=generic -Wdeprecated-declarations  conftest.c >&5
configure:11952: $? = 0
configure:11959: result: yes
configure:11939: checking whether gcc understands -Wno-sign-compare
configure:11952: gcc -c -O2 -g -pipe -Wall -Wp,-D_FORTIFY_SOURCE=2 -fexceptions -fstack-protector-strong --param=ssp-buffer-size=4 -grecord-gcc-switches -specs=/usr/lib/rpm/redhat/redhat-hardened-cc1  -m64 -mtune=generic -Wno-sign-compare  conftest.c >&5
configure:11952: $? = 0
configure:11959: result: yes
configure:11978: checking what language compliance flags to pass to the C compiler
configure:11993: result: 
configure:12011: checking locale.h usability
configure:12011: gcc -c -O2 -g -pipe -Wall -Wp,-D_FORTIFY_SOURCE=2 -fexceptions -fstack-protector-strong --param=ssp-buffer-size=4 -grecord-gcc-switches -specs=/usr/lib/rpm/redhat/redhat-hardened-cc1  -m64 -mtune=generic  conftest.c >&5
configure:12011: $? = 0
configure:12011: result: yes
configure:12011: checking locale.h presence
configure:12011: gcc -E  conftest.c
configure:12011: $? = 0
configure:12011: result: yes
configure:12011: checking for locale.h
configure:12011: result: yes
configure:12022: checking for LC_MESSAGES
configure:12038: gcc -o conftest -O2 -g -pipe -Wall -Wp,-D_FORTIFY_SOURCE=2 -fexceptions -fstack-protector-strong --param=ssp-buffer-size=4 -grecord-gcc-switches -specs=/usr/lib/rpm/redhat/redhat-hardened-cc1  -m64 -mtune=generic  -Wl,-z,relro -specs=/usr/lib/rpm/redhat/redhat-hardened-ld conftest.c  >&5
configure:12038: $? = 0
configure:12046: result: yes
configure:12064: checking for CFPreferencesCopyAppValue
configure:12082: gcc -o conftest -O2 -g -pipe -Wall -Wp,-D_FORTIFY_SOURCE=2 -fexceptions -fstack-protector-strong --param=ssp-buffer-size=4 -grecord-gcc-switches -specs=/usr/lib/rpm/redhat/redhat-hardened-cc1  -m64 -mtune=generic  -Wl,-z,relro -specs=/usr/lib/rpm/redhat/redhat-hardened-ld conftest.c  -Wl,-framework -Wl,CoreFoundation >&5
conftest.c:27:42: fatal error: CoreFoundation/CFPreferences.h: No such file or directory
 #include <CoreFoundation/CFPreferences.h>
                                          ^
compilation terminated.
configure:12082: $? = 1
configure: failed program was:
| /* confdefs.h */
| #define PACKAGE_NAME "virt-viewer"
| #define PACKAGE_TARNAME "virt-viewer"
| #define PACKAGE_VERSION "5.0"
| #define PACKAGE_STRING "virt-viewer 5.0"
| #define PACKAGE_BUGREPORT ""
| #define PACKAGE_URL ""
| #define PACKAGE "virt-viewer"
| #define VERSION "5.0"
| #define STDC_HEADERS 1
| #define HAVE_SYS_TYPES_H 1
| #define HAVE_SYS_STAT_H 1
| #define HAVE_STDLIB_H 1
| #define HAVE_STRING_H 1
| #define HAVE_MEMORY_H 1
| #define HAVE_STRINGS_H 1
| #define HAVE_INTTYPES_H 1
| #define HAVE_STDINT_H 1
| #define HAVE_UNISTD_H 1
| #define HAVE_DLFCN_H 1
| #define LT_OBJDIR ".libs/"
| #define _GNU_SOURCE /**/
| #define GETTEXT_PACKAGE "virt-viewer"
| #define HAVE_LOCALE_H 1
| #define HAVE_LC_MESSAGES 1
| /* end confdefs.h.  */
| #include <CoreFoundation/CFPreferences.h>
| int
| main ()
| {
| CFPreferencesCopyAppValue(NULL, NULL)
|   ;
|   return 0;
| }
configure:12091: result: no
configure:12098: checking for CFLocaleCopyCurrent
configure:12116: gcc -o conftest -O2 -g -pipe -Wall -Wp,-D_FORTIFY_SOURCE=2 -fexceptions -fstack-protector-strong --param=ssp-buffer-size=4 -grecord-gcc-switches -specs=/usr/lib/rpm/redhat/redhat-hardened-cc1  -m64 -mtune=generic  -Wl,-z,relro -specs=/usr/lib/rpm/redhat/redhat-hardened-ld conftest.c  -Wl,-framework -Wl,CoreFoundation >&5
conftest.c:27:37: fatal error: CoreFoundation/CFLocale.h: No such file or directory
 #include <CoreFoundation/CFLocale.h>
                                     ^
compilation terminated.
configure:12116: $? = 1
configure: failed program was:
| /* confdefs.h */
| #define PACKAGE_NAME "virt-viewer"
| #define PACKAGE_TARNAME "virt-viewer"
| #define PACKAGE_VERSION "5.0"
| #define PACKAGE_STRING "virt-viewer 5.0"
| #define PACKAGE_BUGREPORT ""
| #define PACKAGE_URL ""
| #define PACKAGE "virt-viewer"
| #define VERSION "5.0"
| #define STDC_HEADERS 1
| #define HAVE_SYS_TYPES_H 1
| #define HAVE_SYS_STAT_H 1
| #define HAVE_STDLIB_H 1
| #define HAVE_STRING_H 1
| #define HAVE_MEMORY_H 1
| #define HAVE_STRINGS_H 1
| #define HAVE_INTTYPES_H 1
| #define HAVE_STDINT_H 1
| #define HAVE_UNISTD_H 1
| #define HAVE_DLFCN_H 1
| #define LT_OBJDIR ".libs/"
| #define _GNU_SOURCE /**/
| #define GETTEXT_PACKAGE "virt-viewer"
| #define HAVE_LOCALE_H 1
| #define HAVE_LC_MESSAGES 1
| /* end confdefs.h.  */
| #include <CoreFoundation/CFLocale.h>
| int
| main ()
| {
| CFLocaleCopyCurrent();
|   ;
|   return 0;
| }
configure:12125: result: no
configure:12139: checking libintl.h usability
configure:12139: gcc -c -O2 -g -pipe -Wall -Wp,-D_FORTIFY_SOURCE=2 -fexceptions -fstack-protector-strong --param=ssp-buffer-size=4 -grecord-gcc-switches -specs=/usr/lib/rpm/redhat/redhat-hardened-cc1  -m64 -mtune=generic  conftest.c >&5
configure:12139: $? = 0
configure:12139: result: yes
configure:12139: checking libintl.h presence
configure:12139: gcc -E  conftest.c
configure:12139: $? = 0
configure:12139: result: yes
configure:12139: checking for libintl.h
configure:12139: result: yes
configure:12147: checking for ngettext in libc
configure:12165: gcc -o conftest -O2 -g -pipe -Wall -Wp,-D_FORTIFY_SOURCE=2 -fexceptions -fstack-protector-strong --param=ssp-buffer-size=4 -grecord-gcc-switches -specs=/usr/lib/rpm/redhat/redhat-hardened-cc1  -m64 -mtune=generic  -Wl,-z,relro -specs=/usr/lib/rpm/redhat/redhat-hardened-ld conftest.c  >&5
configure:12165: $? = 0
configure:12174: result: yes
configure:12178: checking for dgettext in libc
configure:12196: gcc -o conftest -O2 -g -pipe -Wall -Wp,-D_FORTIFY_SOURCE=2 -fexceptions -fstack-protector-strong --param=ssp-buffer-size=4 -grecord-gcc-switches -specs=/usr/lib/rpm/redhat/redhat-hardened-cc1  -m64 -mtune=generic  -Wl,-z,relro -specs=/usr/lib/rpm/redhat/redhat-hardened-ld conftest.c  >&5
configure:12196: $? = 0
configure:12205: result: yes
configure:12212: checking for bind_textdomain_codeset
configure:12212: gcc -o conftest -O2 -g -pipe -Wall -Wp,-D_FORTIFY_SOURCE=2 -fexceptions -fstack-protector-strong --param=ssp-buffer-size=4 -grecord-gcc-switches -specs=/usr/lib/rpm/redhat/redhat-hardened-cc1  -m64 -mtune=generic  -Wl,-z,relro -specs=/usr/lib/rpm/redhat/redhat-hardened-ld conftest.c  >&5
configure:12212: $? = 0
configure:12212: result: yes
configure:12488: checking for msgfmt
configure:12515: result: /usr/bin/msgfmt
configure:12526: checking for dcgettext
configure:12526: gcc -o conftest -O2 -g -pipe -Wall -Wp,-D_FORTIFY_SOURCE=2 -fexceptions -fstack-protector-strong --param=ssp-buffer-size=4 -grecord-gcc-switches -specs=/usr/lib/rpm/redhat/redhat-hardened-cc1  -m64 -mtune=generic  -Wl,-z,relro -specs=/usr/lib/rpm/redhat/redhat-hardened-ld conftest.c   >&5
conftest.c:52:6: warning: conflicting types for built-in function 'dcgettext' [enabled by default]
 char dcgettext ();
      ^
configure:12526: $? = 0
configure:12526: result: yes
configure:12536: checking if msgfmt accepts -c
configure:12551: $MSGFMT -c -o /dev/null conftest.foo
conftest.foo:3: warning: header field 'Language' missing in header
configure:12554: $? = 0
configure:12556: result: yes
configure:12566: checking for gmsgfmt
configure:12597: result: /usr/bin/msgfmt
configure:12607: checking for xgettext
configure:12634: result: /usr/bin/xgettext
configure:12653: gcc -o conftest -O2 -g -pipe -Wall -Wp,-D_FORTIFY_SOURCE=2 -fexceptions -fstack-protector-strong --param=ssp-buffer-size=4 -grecord-gcc-switches -specs=/usr/lib/rpm/redhat/redhat-hardened-cc1  -m64 -mtune=generic  -Wl,-z,relro -specs=/usr/lib/rpm/redhat/redhat-hardened-ld conftest.c   >&5
configure:12653: $? = 0
configure:12793: checking whether NLS is requested
configure:12802: result: yes
configure:12820: checking for intltool >= 0.35.0
configure:12822: result: 0.50.2 found
configure:12830: checking for intltool-update
configure:12848: found /usr/bin/intltool-update
configure:12860: result: /usr/bin/intltool-update
configure:12870: checking for intltool-merge
configure:12888: found /usr/bin/intltool-merge
configure:12900: result: /usr/bin/intltool-merge
configure:12910: checking for intltool-extract
configure:12928: found /usr/bin/intltool-extract
configure:12940: result: /usr/bin/intltool-extract
configure:13094: checking for xgettext
configure:13124: result: /usr/bin/xgettext
configure:13134: checking for msgmerge
configure:13152: found /usr/bin/msgmerge
configure:13164: result: /usr/bin/msgmerge
configure:13174: checking for msgfmt
configure:13204: result: /usr/bin/msgfmt
configure:13214: checking for gmsgfmt
configure:13245: result: /usr/bin/msgfmt
configure:13265: checking for perl
configure:13283: found /usr/bin/perl
configure:13295: result: /usr/bin/perl
configure:13306: checking for perl >= 5.8.1
configure:13313: result: 5.16.3
configure:13317: checking for XML::Parser
configure:13320: result: ok
configure:13345: checking for x86_64-redhat-linux-gnu-pkg-config
configure:13378: result: no
configure:13388: checking for pkg-config
configure:13406: found /usr/bin/pkg-config
configure:13418: result: /usr/bin/pkg-config
configure:13443: checking pkg-config is at least version 0.9.0
configure:13446: result: yes
configure:13459: checking for GLIB2
configure:13466: $PKG_CONFIG --exists --print-errors "glib-2.0 >= $GLIB2_REQUIRED gio-2.0 gthread-2.0 gmodule-export-2.0"
configure:13469: $? = 0
configure:13483: $PKG_CONFIG --exists --print-errors "glib-2.0 >= $GLIB2_REQUIRED gio-2.0 gthread-2.0 gmodule-export-2.0"
configure:13486: $? = 0
configure:13544: result: yes
configure:13555: checking for glib-compile-resources
configure:13573: found /usr/bin/glib-compile-resources
configure:13585: result: /usr/bin/glib-compile-resources
configure:13599: checking for LIBXML2
configure:13606: $PKG_CONFIG --exists --print-errors "libxml-2.0 >= $LIBXML2_REQUIRED"
configure:13609: $? = 0
configure:13623: $PKG_CONFIG --exists --print-errors "libxml-2.0 >= $LIBXML2_REQUIRED"
configure:13626: $? = 0
configure:13684: result: yes
configure:13698: $PKG_CONFIG --exists --print-errors "libvirt >= $LIBVIRT_REQUIRED"
configure:13701: $? = 0
configure:13712: checking for LIBVIRT
configure:13719: $PKG_CONFIG --exists --print-errors "libvirt >= $LIBVIRT_REQUIRED libvirt-glib-1.0 >= $LIBVIRT_GLIB_REQUIRED"
configure:13722: $? = 0
configure:13736: $PKG_CONFIG --exists --print-errors "libvirt >= $LIBVIRT_REQUIRED libvirt-glib-1.0 >= $LIBVIRT_GLIB_REQUIRED"
configure:13739: $? = 0
configure:13797: result: yes
configure:13818: checking for virDomainOpenGraphicsFD in -lvirt
configure:13843: gcc -o conftest -O2 -g -pipe -Wall -Wp,-D_FORTIFY_SOURCE=2 -fexceptions -fstack-protector-strong --param=ssp-buffer-size=4 -grecord-gcc-switches -specs=/usr/lib/rpm/redhat/redhat-hardened-cc1  -m64 -mtune=generic  -Wl,-z,relro -specs=/usr/lib/rpm/redhat/redhat-hardened-ld conftest.c -lvirt  -lvirt -lvirt-glib-1.0 -lglib-2.0   >&5
configure:13843: $? = 0
configure:13852: result: yes
configure:13864: checking for GTK
configure:13871: $PKG_CONFIG --exists --print-errors "gtk+-3.0 >= $GTK_REQUIRED"
configure:13874: $? = 0
configure:13888: $PKG_CONFIG --exists --print-errors "gtk+-3.0 >= $GTK_REQUIRED"
configure:13891: $? = 0
configure:13949: result: yes
configure:13966: $PKG_CONFIG --exists --print-errors "gtk-vnc-2.0 >= $GTK_VNC_REQUIRED"
configure:13969: $? = 0
configure:13980: checking for GTK_VNC
configure:13987: $PKG_CONFIG --exists --print-errors "gtk-vnc-2.0 >= $GTK_VNC_REQUIRED"
configure:13990: $? = 0
configure:14004: $PKG_CONFIG --exists --print-errors "gtk-vnc-2.0 >= $GTK_VNC_REQUIRED"
configure:14007: $? = 0
configure:14065: result: yes
configure:14110: checking for SPICE_GTK
configure:14118: $PKG_CONFIG --exists --print-errors "spice-client-gtk-3.0 >= $SPICE_GTK_REQUIRED
                                     spice-client-glib-2.0 >= $SPICE_GTK_REQUIRED"
configure:14122: $? = 0
configure:14138: $PKG_CONFIG --exists --print-errors "spice-client-gtk-3.0 >= $SPICE_GTK_REQUIRED
                                     spice-client-glib-2.0 >= $SPICE_GTK_REQUIRED"
configure:14142: $? = 0
configure:14204: result: yes
configure:14210: checking for SPICE_PROTOCOL
configure:14217: $PKG_CONFIG --exists --print-errors "spice-protocol >= $SPICE_PROTOCOL_REQUIRED"
configure:14220: $? = 0
configure:14234: $PKG_CONFIG --exists --print-errors "spice-protocol >= $SPICE_PROTOCOL_REQUIRED"
configure:14237: $? = 0
configure:14295: result: yes
configure:14336: checking for OVIRT
configure:14343: $PKG_CONFIG --exists --print-errors "govirt-1.0 >= $GOVIRT_REQUIRED"
configure:14346: $? = 0
configure:14360: $PKG_CONFIG --exists --print-errors "govirt-1.0 >= $GOVIRT_REQUIRED"
configure:14363: $? = 0
configure:14421: result: yes
configure:14444: gcc -c -pthread -I/usr/include/govirt-1.0 -I/usr/include/glib-2.0 -I/usr/lib64/glib-2.0/include -I/usr/include/rest-0.7 -I/usr/include/libsoup-2.4 -I/usr/include/libxml2    conftest.c >&5
configure:14444: $? = 0
configure:14453: checking for ovirt_api_search_vms
configure:14453: gcc -o conftest -pthread -I/usr/include/govirt-1.0 -I/usr/include/glib-2.0 -I/usr/lib64/glib-2.0/include -I/usr/include/rest-0.7 -I/usr/include/libsoup-2.4 -I/usr/include/libxml2    -Wl,-z,relro -specs=/usr/lib/rpm/redhat/redhat-hardened-ld conftest.c -lgovirt -lrest-0.7 -lsoup-2.4 -lxml2 -lgio-2.0 -lgobject-2.0 -lglib-2.0   >&5
/usr/bin/ld: /tmp/cc26CX7R.o: relocation R_X86_64_PC32 against symbol `ovirt_api_search_vms@@GOVIRT_0.3.2' can not be used when making a shared object; recompile with -fPIC
/usr/bin/ld: final link failed: Bad value
collect2: error: ld returned 1 exit status
configure:14453: $? = 1
configure: failed program was:
| /* confdefs.h */
| #define PACKAGE_NAME "virt-viewer"
| #define PACKAGE_TARNAME "virt-viewer"
| #define PACKAGE_VERSION "5.0"
| #define PACKAGE_STRING "virt-viewer 5.0"
| #define PACKAGE_BUGREPORT ""
| #define PACKAGE_URL ""
| #define PACKAGE "virt-viewer"
| #define VERSION "5.0"
| #define STDC_HEADERS 1
| #define HAVE_SYS_TYPES_H 1
| #define HAVE_SYS_STAT_H 1
| #define HAVE_STDLIB_H 1
| #define HAVE_STRING_H 1
| #define HAVE_MEMORY_H 1
| #define HAVE_STRINGS_H 1
| #define HAVE_INTTYPES_H 1
| #define HAVE_STDINT_H 1
| #define HAVE_UNISTD_H 1
| #define HAVE_DLFCN_H 1
| #define LT_OBJDIR ".libs/"
| #define _GNU_SOURCE /**/
| #define GETTEXT_PACKAGE "virt-viewer"
| #define HAVE_LOCALE_H 1
| #define HAVE_LC_MESSAGES 1
| #define HAVE_BIND_TEXTDOMAIN_CODESET 1
| #define HAVE_GETTEXT 1
| #define HAVE_DCGETTEXT 1
| #define ENABLE_NLS 1
| #define HAVE_LIBVIRT 1
| #define HAVE_VIR_DOMAIN_OPEN_GRAPHICS_FD 1
| #define HAVE_GTK_VNC 1
| #define HAVE_SPICE_GTK 1
| #define HAVE_OVIRT 1
| #define HAVE_OVIRT_CANCEL 1
| /* end confdefs.h.  */
| /* Define ovirt_api_search_vms to an innocuous variant, in case <limits.h> declares ovirt_api_search_vms.
|    For example, HP-UX 11i <limits.h> declares gettimeofday.  */
| #define ovirt_api_search_vms innocuous_ovirt_api_search_vms
| 
| /* System header to define __stub macros and hopefully few prototypes,
|     which can conflict with char ovirt_api_search_vms (); below.
|     Prefer <limits.h> to <assert.h> if __STDC__ is defined, since
|     <limits.h> exists even on freestanding compilers.  */
| 
| #ifdef __STDC__
| # include <limits.h>
| #else
| # include <assert.h>
| #endif
| 
| #undef ovirt_api_search_vms
| 
| /* Override any GCC internal prototype to avoid an error.
|    Use char because int might match the return type of a GCC
|    builtin and then its argument prototype would still apply.  */
| #ifdef __cplusplus
| extern "C"
| #endif
| char ovirt_api_search_vms ();
| /* The GNU C library defines this for functions which it implements
|     to always fail with ENOSYS.  Some functions are actually named
|     something starting with __ and the normal name is an alias.  */
| #if defined __stub_ovirt_api_search_vms || defined __stub___ovirt_api_search_vms
| choke me
| #endif
| 
| int
| main ()
| {
| return ovirt_api_search_vms ();
|   ;
|   return 0;
| }
configure:14453: result: no
configure:14453: checking for ovirt_vm_get_host
configure:14453: gcc -o conftest -pthread -I/usr/include/govirt-1.0 -I/usr/include/glib-2.0 -I/usr/lib64/glib-2.0/include -I/usr/include/rest-0.7 -I/usr/include/libsoup-2.4 -I/usr/include/libxml2    -Wl,-z,relro -specs=/usr/lib/rpm/redhat/redhat-hardened-ld conftest.c -lgovirt -lrest-0.7 -lsoup-2.4 -lxml2 -lgio-2.0 -lgobject-2.0 -lglib-2.0   >&5
/usr/bin/ld: /tmp/cct0Dp26.o: relocation R_X86_64_PC32 against symbol `ovirt_vm_get_host@@GOVIRT_0.3.2' can not be used when making a shared object; recompile with -fPIC
/usr/bin/ld: final link failed: Bad value
collect2: error: ld returned 1 exit status
configure:14453: $? = 1
configure: failed program was:
| /* confdefs.h */
| #define PACKAGE_NAME "virt-viewer"
| #define PACKAGE_TARNAME "virt-viewer"
| #define PACKAGE_VERSION "5.0"
| #define PACKAGE_STRING "virt-viewer 5.0"
| #define PACKAGE_BUGREPORT ""
| #define PACKAGE_URL ""
| #define PACKAGE "virt-viewer"
| #define VERSION "5.0"
| #define STDC_HEADERS 1
| #define HAVE_SYS_TYPES_H 1
| #define HAVE_SYS_STAT_H 1
| #define HAVE_STDLIB_H 1
| #define HAVE_STRING_H 1
| #define HAVE_MEMORY_H 1
| #define HAVE_STRINGS_H 1
| #define HAVE_INTTYPES_H 1
| #define HAVE_STDINT_H 1
| #define HAVE_UNISTD_H 1
| #define HAVE_DLFCN_H 1
| #define LT_OBJDIR ".libs/"
| #define _GNU_SOURCE /**/
| #define GETTEXT_PACKAGE "virt-viewer"
| #define HAVE_LOCALE_H 1
| #define HAVE_LC_MESSAGES 1
| #define HAVE_BIND_TEXTDOMAIN_CODESET 1
| #define HAVE_GETTEXT 1
| #define HAVE_DCGETTEXT 1
| #define ENABLE_NLS 1
| #define HAVE_LIBVIRT 1
| #define HAVE_VIR_DOMAIN_OPEN_GRAPHICS_FD 1
| #define HAVE_GTK_VNC 1
| #define HAVE_SPICE_GTK 1
| #define HAVE_OVIRT 1
| #define HAVE_OVIRT_CANCEL 1
| /* end confdefs.h.  */
| /* Define ovirt_vm_get_host to an innocuous variant, in case <limits.h> declares ovirt_vm_get_host.
|    For example, HP-UX 11i <limits.h> declares gettimeofday.  */
| #define ovirt_vm_get_host innocuous_ovirt_vm_get_host
| 
| /* System header to define __stub macros and hopefully few prototypes,
|     which can conflict with char ovirt_vm_get_host (); below.
|     Prefer <limits.h> to <assert.h> if __STDC__ is defined, since
|     <limits.h> exists even on freestanding compilers.  */
| 
| #ifdef __STDC__
| # include <limits.h>
| #else
| # include <assert.h>
| #endif
| 
| #undef ovirt_vm_get_host
| 
| /* Override any GCC internal prototype to avoid an error.
|    Use char because int might match the return type of a GCC
|    builtin and then its argument prototype would still apply.  */
| #ifdef __cplusplus
| extern "C"
| #endif
| char ovirt_vm_get_host ();
| /* The GNU C library defines this for functions which it implements
|     to always fail with ENOSYS.  Some functions are actually named
|     something starting with __ and the normal name is an alias.  */
| #if defined __stub_ovirt_vm_get_host || defined __stub___ovirt_vm_get_host
| choke me
| #endif
| 
| int
| main ()
| {
| return ovirt_vm_get_host ();
|   ;
|   return 0;
| }
configure:14453: result: no
configure:14453: checking for ovirt_host_get_cluster
configure:14453: gcc -o conftest -pthread -I/usr/include/govirt-1.0 -I/usr/include/glib-2.0 -I/usr/lib64/glib-2.0/include -I/usr/include/rest-0.7 -I/usr/include/libsoup-2.4 -I/usr/include/libxml2    -Wl,-z,relro -specs=/usr/lib/rpm/redhat/redhat-hardened-ld conftest.c -lgovirt -lrest-0.7 -lsoup-2.4 -lxml2 -lgio-2.0 -lgobject-2.0 -lglib-2.0   >&5
/usr/bin/ld: /tmp/ccF9QNab.o: relocation R_X86_64_PC32 against symbol `ovirt_host_get_cluster@@GOVIRT_0.3.2' can not be used when making a shared object; recompile with -fPIC
/usr/bin/ld: final link failed: Bad value
collect2: error: ld returned 1 exit status
configure:14453: $? = 1
configure: failed program was:
| /* confdefs.h */
| #define PACKAGE_NAME "virt-viewer"
| #define PACKAGE_TARNAME "virt-viewer"
| #define PACKAGE_VERSION "5.0"
| #define PACKAGE_STRING "virt-viewer 5.0"
| #define PACKAGE_BUGREPORT ""
| #define PACKAGE_URL ""
| #define PACKAGE "virt-viewer"
| #define VERSION "5.0"
| #define STDC_HEADERS 1
| #define HAVE_SYS_TYPES_H 1
| #define HAVE_SYS_STAT_H 1
| #define HAVE_STDLIB_H 1
| #define HAVE_STRING_H 1
| #define HAVE_MEMORY_H 1
| #define HAVE_STRINGS_H 1
| #define HAVE_INTTYPES_H 1
| #define HAVE_STDINT_H 1
| #define HAVE_UNISTD_H 1
| #define HAVE_DLFCN_H 1
| #define LT_OBJDIR ".libs/"
| #define _GNU_SOURCE /**/
| #define GETTEXT_PACKAGE "virt-viewer"
| #define HAVE_LOCALE_H 1
| #define HAVE_LC_MESSAGES 1
| #define HAVE_BIND_TEXTDOMAIN_CODESET 1
| #define HAVE_GETTEXT 1
| #define HAVE_DCGETTEXT 1
| #define ENABLE_NLS 1
| #define HAVE_LIBVIRT 1
| #define HAVE_VIR_DOMAIN_OPEN_GRAPHICS_FD 1
| #define HAVE_GTK_VNC 1
| #define HAVE_SPICE_GTK 1
| #define HAVE_OVIRT 1
| #define HAVE_OVIRT_CANCEL 1
| /* end confdefs.h.  */
| /* Define ovirt_host_get_cluster to an innocuous variant, in case <limits.h> declares ovirt_host_get_cluster.
|    For example, HP-UX 11i <limits.h> declares gettimeofday.  */
| #define ovirt_host_get_cluster innocuous_ovirt_host_get_cluster
| 
| /* System header to define __stub macros and hopefully few prototypes,
|     which can conflict with char ovirt_host_get_cluster (); below.
|     Prefer <limits.h> to <assert.h> if __STDC__ is defined, since
|     <limits.h> exists even on freestanding compilers.  */
| 
| #ifdef __STDC__
| # include <limits.h>
| #else
| # include <assert.h>
| #endif
| 
| #undef ovirt_host_get_cluster
| 
| /* Override any GCC internal prototype to avoid an error.
|    Use char because int might match the return type of a GCC
|    builtin and then its argument prototype would still apply.  */
| #ifdef __cplusplus
| extern "C"
| #endif
| char ovirt_host_get_cluster ();
| /* The GNU C library defines this for functions which it implements
|     to always fail with ENOSYS.  Some functions are actually named
|     something starting with __ and the normal name is an alias.  */
| #if defined __stub_ovirt_host_get_cluster || defined __stub___ovirt_host_get_cluster
| choke me
| #endif
| 
| int
| main ()
| {
| return ovirt_host_get_cluster ();
|   ;
|   return 0;
| }
configure:14453: result: no
configure:14453: checking for ovirt_cluster_get_data_center
configure:14453: gcc -o conftest -pthread -I/usr/include/govirt-1.0 -I/usr/include/glib-2.0 -I/usr/lib64/glib-2.0/include -I/usr/include/rest-0.7 -I/usr/include/libsoup-2.4 -I/usr/include/libxml2    -Wl,-z,relro -specs=/usr/lib/rpm/redhat/redhat-hardened-ld conftest.c -lgovirt -lrest-0.7 -lsoup-2.4 -lxml2 -lgio-2.0 -lgobject-2.0 -lglib-2.0   >&5
/usr/bin/ld: /tmp/ccO3hWGj.o: relocation R_X86_64_PC32 against symbol `ovirt_cluster_get_data_center@@GOVIRT_0.3.2' can not be used when making a shared object; recompile with -fPIC
/usr/bin/ld: final link failed: Bad value
collect2: error: ld returned 1 exit status
configure:14453: $? = 1
configure: failed program was:
| /* confdefs.h */
| #define PACKAGE_NAME "virt-viewer"
| #define PACKAGE_TARNAME "virt-viewer"
| #define PACKAGE_VERSION "5.0"
| #define PACKAGE_STRING "virt-viewer 5.0"
| #define PACKAGE_BUGREPORT ""
| #define PACKAGE_URL ""
| #define PACKAGE "virt-viewer"
| #define VERSION "5.0"
| #define STDC_HEADERS 1
| #define HAVE_SYS_TYPES_H 1
| #define HAVE_SYS_STAT_H 1
| #define HAVE_STDLIB_H 1
| #define HAVE_STRING_H 1
| #define HAVE_MEMORY_H 1
| #define HAVE_STRINGS_H 1
| #define HAVE_INTTYPES_H 1
| #define HAVE_STDINT_H 1
| #define HAVE_UNISTD_H 1
| #define HAVE_DLFCN_H 1
| #define LT_OBJDIR ".libs/"
| #define _GNU_SOURCE /**/
| #define GETTEXT_PACKAGE "virt-viewer"
| #define HAVE_LOCALE_H 1
| #define HAVE_LC_MESSAGES 1
| #define HAVE_BIND_TEXTDOMAIN_CODESET 1
| #define HAVE_GETTEXT 1
| #define HAVE_DCGETTEXT 1
| #define ENABLE_NLS 1
| #define HAVE_LIBVIRT 1
| #define HAVE_VIR_DOMAIN_OPEN_GRAPHICS_FD 1
| #define HAVE_GTK_VNC 1
| #define HAVE_SPICE_GTK 1
| #define HAVE_OVIRT 1
| #define HAVE_OVIRT_CANCEL 1
| /* end confdefs.h.  */
| /* Define ovirt_cluster_get_data_center to an innocuous variant, in case <limits.h> declares ovirt_cluster_get_data_center.
|    For example, HP-UX 11i <limits.h> declares gettimeofday.  */
| #define ovirt_cluster_get_data_center innocuous_ovirt_cluster_get_data_center
| 
| /* System header to define __stub macros and hopefully few prototypes,
|     which can conflict with char ovirt_cluster_get_data_center (); below.
|     Prefer <limits.h> to <assert.h> if __STDC__ is defined, since
|     <limits.h> exists even on freestanding compilers.  */
| 
| #ifdef __STDC__
| # include <limits.h>
| #else
| # include <assert.h>
| #endif
| 
| #undef ovirt_cluster_get_data_center
| 
| /* Override any GCC internal prototype to avoid an error.
|    Use char because int might match the return type of a GCC
|    builtin and then its argument prototype would still apply.  */
| #ifdef __cplusplus
| extern "C"
| #endif
| char ovirt_cluster_get_data_center ();
| /* The GNU C library defines this for functions which it implements
|     to always fail with ENOSYS.  Some functions are actually named
|     something starting with __ and the normal name is an alias.  */
| #if defined __stub_ovirt_cluster_get_data_center || defined __stub___ovirt_cluster_get_data_center
| choke me
| #endif
| 
| int
| main ()
| {
| return ovirt_cluster_get_data_center ();
|   ;
|   return 0;
| }
configure:14453: result: no
configure:14480: checking sys/socket.h usability
configure:14480: gcc -c -O2 -g -pipe -Wall -Wp,-D_FORTIFY_SOURCE=2 -fexceptions -fstack-protector-strong --param=ssp-buffer-size=4 -grecord-gcc-switches -specs=/usr/lib/rpm/redhat/redhat-hardened-cc1  -m64 -mtune=generic  conftest.c >&5
configure:14480: $? = 0
configure:14480: result: yes
configure:14480: checking sys/socket.h presence
configure:14480: gcc -E  conftest.c
configure:14480: $? = 0
configure:14480: result: yes
configure:14480: checking for sys/socket.h
configure:14480: result: yes
configure:14480: checking sys/un.h usability
configure:14480: gcc -c -O2 -g -pipe -Wall -Wp,-D_FORTIFY_SOURCE=2 -fexceptions -fstack-protector-strong --param=ssp-buffer-size=4 -grecord-gcc-switches -specs=/usr/lib/rpm/redhat/redhat-hardened-cc1  -m64 -mtune=generic  conftest.c >&5
configure:14480: $? = 0
configure:14480: result: yes
configure:14480: checking sys/un.h presence
configure:14480: gcc -E  conftest.c
configure:14480: $? = 0
configure:14480: result: yes
configure:14480: checking for sys/un.h
configure:14480: result: yes
configure:14480: checking windows.h usability
configure:14480: gcc -c -O2 -g -pipe -Wall -Wp,-D_FORTIFY_SOURCE=2 -fexceptions -fstack-protector-strong --param=ssp-buffer-size=4 -grecord-gcc-switches -specs=/usr/lib/rpm/redhat/redhat-hardened-cc1  -m64 -mtune=generic  conftest.c >&5
conftest.c:72:21: fatal error: windows.h: No such file or directory
 #include <windows.h>
                     ^
compilation terminated.
configure:14480: $? = 1
configure: failed program was:
| /* confdefs.h */
| #define PACKAGE_NAME "virt-viewer"
| #define PACKAGE_TARNAME "virt-viewer"
| #define PACKAGE_VERSION "5.0"
| #define PACKAGE_STRING "virt-viewer 5.0"
| #define PACKAGE_BUGREPORT ""
| #define PACKAGE_URL ""
| #define PACKAGE "virt-viewer"
| #define VERSION "5.0"
| #define STDC_HEADERS 1
| #define HAVE_SYS_TYPES_H 1
| #define HAVE_SYS_STAT_H 1
| #define HAVE_STDLIB_H 1
| #define HAVE_STRING_H 1
| #define HAVE_MEMORY_H 1
| #define HAVE_STRINGS_H 1
| #define HAVE_INTTYPES_H 1
| #define HAVE_STDINT_H 1
| #define HAVE_UNISTD_H 1
| #define HAVE_DLFCN_H 1
| #define LT_OBJDIR ".libs/"
| #define _GNU_SOURCE /**/
| #define GETTEXT_PACKAGE "virt-viewer"
| #define HAVE_LOCALE_H 1
| #define HAVE_LC_MESSAGES 1
| #define HAVE_BIND_TEXTDOMAIN_CODESET 1
| #define HAVE_GETTEXT 1
| #define HAVE_DCGETTEXT 1
| #define ENABLE_NLS 1
| #define HAVE_LIBVIRT 1
| #define HAVE_VIR_DOMAIN_OPEN_GRAPHICS_FD 1
| #define HAVE_GTK_VNC 1
| #define HAVE_SPICE_GTK 1
| #define HAVE_OVIRT 1
| #define HAVE_OVIRT_CANCEL 1
| #define HAVE_SYS_SOCKET_H 1
| #define HAVE_SYS_UN_H 1
| /* end confdefs.h.  */
| #include <stdio.h>
| #ifdef HAVE_SYS_TYPES_H
| # include <sys/types.h>
| #endif
| #ifdef HAVE_SYS_STAT_H
| # include <sys/stat.h>
| #endif
| #ifdef STDC_HEADERS
| # include <stdlib.h>
| # include <stddef.h>
| #else
| # ifdef HAVE_STDLIB_H
| #  include <stdlib.h>
| # endif
| #endif
| #ifdef HAVE_STRING_H
| # if !defined STDC_HEADERS && defined HAVE_MEMORY_H
| #  include <memory.h>
| # endif
| # include <string.h>
| #endif
| #ifdef HAVE_STRINGS_H
| # include <strings.h>
| #endif
| #ifdef HAVE_INTTYPES_H
| # include <inttypes.h>
| #endif
| #ifdef HAVE_STDINT_H
| # include <stdint.h>
| #endif
| #ifdef HAVE_UNISTD_H
| # include <unistd.h>
| #endif
| #include <windows.h>
configure:14480: result: no
configure:14480: checking windows.h presence
configure:14480: gcc -E  conftest.c
conftest.c:39:21: fatal error: windows.h: No such file or directory
 #include <windows.h>
                     ^
compilation terminated.
configure:14480: $? = 1
configure: failed program was:
| /* confdefs.h */
| #define PACKAGE_NAME "virt-viewer"
| #define PACKAGE_TARNAME "virt-viewer"
| #define PACKAGE_VERSION "5.0"
| #define PACKAGE_STRING "virt-viewer 5.0"
| #define PACKAGE_BUGREPORT ""
| #define PACKAGE_URL ""
| #define PACKAGE "virt-viewer"
| #define VERSION "5.0"
| #define STDC_HEADERS 1
| #define HAVE_SYS_TYPES_H 1
| #define HAVE_SYS_STAT_H 1
| #define HAVE_STDLIB_H 1
| #define HAVE_STRING_H 1
| #define HAVE_MEMORY_H 1
| #define HAVE_STRINGS_H 1
| #define HAVE_INTTYPES_H 1
| #define HAVE_STDINT_H 1
| #define HAVE_UNISTD_H 1
| #define HAVE_DLFCN_H 1
| #define LT_OBJDIR ".libs/"
| #define _GNU_SOURCE /**/
| #define GETTEXT_PACKAGE "virt-viewer"
| #define HAVE_LOCALE_H 1
| #define HAVE_LC_MESSAGES 1
| #define HAVE_BIND_TEXTDOMAIN_CODESET 1
| #define HAVE_GETTEXT 1
| #define HAVE_DCGETTEXT 1
| #define ENABLE_NLS 1
| #define HAVE_LIBVIRT 1
| #define HAVE_VIR_DOMAIN_OPEN_GRAPHICS_FD 1
| #define HAVE_GTK_VNC 1
| #define HAVE_SPICE_GTK 1
| #define HAVE_OVIRT 1
| #define HAVE_OVIRT_CANCEL 1
| #define HAVE_SYS_SOCKET_H 1
| #define HAVE_SYS_UN_H 1
| /* end confdefs.h.  */
| #include <windows.h>
configure:14480: result: no
configure:14480: checking for windows.h
configure:14480: result: no
configure:14493: checking for fork
configure:14493: gcc -o conftest -O2 -g -pipe -Wall -Wp,-D_FORTIFY_SOURCE=2 -fexceptions -fstack-protector-strong --param=ssp-buffer-size=4 -grecord-gcc-switches -specs=/usr/lib/rpm/redhat/redhat-hardened-cc1  -m64 -mtune=generic  -Wl,-z,relro -specs=/usr/lib/rpm/redhat/redhat-hardened-ld conftest.c  >&5
conftest.c:62:6: warning: conflicting types for built-in function 'fork' [enabled by default]
 char fork ();
      ^
configure:14493: $? = 0
configure:14493: result: yes
configure:14493: checking for socketpair
configure:14493: gcc -o conftest -O2 -g -pipe -Wall -Wp,-D_FORTIFY_SOURCE=2 -fexceptions -fstack-protector-strong --param=ssp-buffer-size=4 -grecord-gcc-switches -specs=/usr/lib/rpm/redhat/redhat-hardened-cc1  -m64 -mtune=generic  -Wl,-z,relro -specs=/usr/lib/rpm/redhat/redhat-hardened-ld conftest.c  >&5
configure:14493: $? = 0
configure:14493: result: yes
configure:14555: checking for update-mime-database
configure:14573: found /usr/bin/update-mime-database
configure:14586: result: /usr/bin/update-mime-database
configure:14723: checking that generated files are newer than configure
configure:14729: result: done
configure:14780: creating ./config.status

## ---------------------- ##
## Running config.status. ##
## ---------------------- ##

This file was extended by virt-viewer config.status 5.0, which was
generated by GNU Autoconf 2.69.  Invocation command line was

  CONFIG_FILES    = 
  CONFIG_HEADERS  = 
  CONFIG_LINKS    = 
  CONFIG_COMMANDS = 
  $ ./config.status 

on timothy

config.status:1258: creating Makefile
config.status:1258: creating data/Makefile
config.status:1258: creating data/virt-viewer.wxs
config.status:1258: creating icons/Makefile
config.status:1258: creating icons/16x16/Makefile
config.status:1258: creating icons/22x22/Makefile
config.status:1258: creating icons/24x24/Makefile
config.status:1258: creating icons/32x32/Makefile
config.status:1258: creating icons/48x48/Makefile
config.status:1258: creating icons/256x256/Makefile
config.status:1258: creating man/Makefile
config.status:1258: creating mingw-virt-viewer.spec
config.status:1258: creating po/Makefile.in
config.status:1258: creating src/Makefile
config.status:1258: creating src/virt-viewer.rc
config.status:1258: creating tests/Makefile
config.status:1258: creating virt-viewer.spec
config.status:1258: creating config.h
config.status:1439: config.h is unchanged
config.status:1518: executing depfiles commands
config.status:1518: executing libtool commands
config.status:1518: executing default-1 commands
config.status:1518: executing po/stamp-it commands
configure:17085: 
configure:17087: Configuration summary
configure:17089: =====================
configure:17091: 
configure:17093:  Libraries:
configure:17095: 
configure:17097:        GLIB2: -pthread -I/usr/include/glib-2.0 -I/usr/lib64/glib-2.0/include   -DGLIB_VERSION_MIN_REQUIRED=GLIB_VERSION_2_38     -DGLIB_VERSION_MAX_ALLOWED=GLIB_VERSION_2_38 -pthread -Wl,--export-dynamic -lgio-2.0 -lgobject-2.0 -lgthread-2.0 -lgmodule-2.0 -lglib-2.0  
configure:17099: 
configure:17101:          GTK: -pthread -I/usr/include/gtk-3.0 -I/usr/include/atk-1.0 -I/usr/include/at-spi2-atk/2.0 -I/usr/include/pango-1.0 -I/usr/include/gio-unix-2.0/ -I/usr/include/cairo -I/usr/include/gdk-pixbuf-2.0 -I/usr/include/glib-2.0 -I/usr/lib64/glib-2.0/include -I/usr/include/at-spi-2.0 -I/usr/include/dbus-1.0 -I/usr/lib64/dbus-1.0/include -I/usr/include/libdrm -I/usr/include/harfbuzz -I/usr/include/freetype2 -I/usr/include/fribidi -I/usr/include/libpng15 -I/usr/include/uuid -I/usr/include/pixman-1   -DGDK_VERSION_MIN_REQUIRED=GDK_VERSION_3_12     -DGDK_VERSION_MAX_ALLOWED=GDK_VERSION_3_12 -lgtk-3 -lgdk-3 -latk-1.0 -lgio-2.0 -lpangocairo-1.0 -lgdk_pixbuf-2.0 -lcairo-gobject -lpango-1.0 -lcairo -lgobject-2.0 -lglib-2.0  
configure:17103: 
configure:17105:      GTK_VNC: -pthread -I/usr/include/gtk-vnc-2.0 -I/usr/include/gvnc-1.0 -I/usr/include/gtk-3.0 -I/usr/include/glib-2.0 -I/usr/lib64/glib-2.0/include -I/usr/include/atk-1.0 -I/usr/include/at-spi2-atk/2.0 -I/usr/include/pango-1.0 -I/usr/include/gio-unix-2.0/ -I/usr/include/cairo -I/usr/include/gdk-pixbuf-2.0 -I/usr/include/at-spi-2.0 -I/usr/include/dbus-1.0 -I/usr/lib64/dbus-1.0/include -I/usr/include/libdrm -I/usr/include/harfbuzz -I/usr/include/freetype2 -I/usr/include/fribidi -I/usr/include/libpng15 -I/usr/include/uuid -I/usr/include/pixman-1   -lgtk-vnc-2.0 -lgvnc-1.0 -lgtk-3 -lgdk-3 -latk-1.0 -lgio-2.0 -lpangocairo-1.0 -lgdk_pixbuf-2.0 -lcairo-gobject -lpango-1.0 -lcairo -lgobject-2.0 -lglib-2.0  
configure:17107: 
configure:17109:    SPICE_GTK: -pthread -I/usr/include/spice-client-gtk-3.0 -I/usr/include/gtk-3.0 -I/usr/include/spice-client-glib-2.0 -I/usr/include/atk-1.0 -I/usr/include/at-spi2-atk/2.0 -I/usr/include/pango-1.0 -I/usr/include/gio-unix-2.0/ -I/usr/include/cairo -I/usr/include/gdk-pixbuf-2.0 -I/usr/include/glib-2.0 -I/usr/lib64/glib-2.0/include -I/usr/include/at-spi-2.0 -I/usr/include/dbus-1.0 -I/usr/lib64/dbus-1.0/include -I/usr/include/libdrm -I/usr/include/harfbuzz -I/usr/include/freetype2 -I/usr/include/fribidi -I/usr/include/libpng15 -I/usr/include/uuid -I/usr/include/pixman-1 -I/usr/include/spice-1   -lspice-client-gtk-3.0 -lgtk-3 -lgdk-3 -latk-1.0 -lgio-2.0 -lpangocairo-1.0 -lgdk_pixbuf-2.0 -lcairo-gobject -lpango-1.0 -lcairo -lgobject-2.0 -lglib-2.0 -lspice-client-glib-2.0  
configure:17111: 
configure:17113:      LIBXML2: -I/usr/include/libxml2   -lxml2  
configure:17115: 
configure:17117:      LIBVIRT: -I/usr/include/libvirt-glib-1.0 -I/usr/include/glib-2.0 -I/usr/lib64/glib-2.0/include   -lvirt -lvirt-glib-1.0 -lglib-2.0  
configure:17119: 
configure:17121:        OVIRT: -pthread -I/usr/include/govirt-1.0 -I/usr/include/glib-2.0 -I/usr/lib64/glib-2.0/include -I/usr/include/rest-0.7 -I/usr/include/libsoup-2.4 -I/usr/include/libxml2   -lgovirt -lrest-0.7 -lsoup-2.4 -lxml2 -lgio-2.0 -lgobject-2.0 -lglib-2.0  
configure:17123: 

## ---------------- ##
## Cache variables. ##
## ---------------- ##

ac_cv_build=x86_64-redhat-linux-gnu
ac_cv_c_compiler_gnu=yes
ac_cv_env_CC_set=
ac_cv_env_CC_value=
ac_cv_env_CFLAGS_set=set
ac_cv_env_CFLAGS_value='-O2 -g -pipe -Wall -Wp,-D_FORTIFY_SOURCE=2 -fexceptions -fstack-protector-strong --param=ssp-buffer-size=4 -grecord-gcc-switches -specs=/usr/lib/rpm/redhat/redhat-hardened-cc1  -m64 -mtune=generic'
ac_cv_env_CPPFLAGS_set=
ac_cv_env_CPPFLAGS_value=
ac_cv_env_CPP_set=
ac_cv_env_CPP_value=
ac_cv_env_GLIB2_CFLAGS_set=
ac_cv_env_GLIB2_CFLAGS_value=
ac_cv_env_GLIB2_LIBS_set=
ac_cv_env_GLIB2_LIBS_value=
ac_cv_env_GLIB_COMPILE_RESOURCES_set=
ac_cv_env_GLIB_COMPILE_RESOURCES_value=
ac_cv_env_GTK_CFLAGS_set=
ac_cv_env_GTK_CFLAGS_value=
ac_cv_env_GTK_LIBS_set=
ac_cv_env_GTK_LIBS_value=
ac_cv_env_GTK_VNC_CFLAGS_set=
ac_cv_env_GTK_VNC_CFLAGS_value=
ac_cv_env_GTK_VNC_LIBS_set=
ac_cv_env_GTK_VNC_LIBS_value=
ac_cv_env_LDFLAGS_set=set
ac_cv_env_LDFLAGS_value='-Wl,-z,relro -specs=/usr/lib/rpm/redhat/redhat-hardened-ld'
ac_cv_env_LIBS_set=
ac_cv_env_LIBS_value=
ac_cv_env_LIBVIRT_CFLAGS_set=
ac_cv_env_LIBVIRT_CFLAGS_value=
ac_cv_env_LIBVIRT_LIBS_set=
ac_cv_env_LIBVIRT_LIBS_value=
ac_cv_env_LIBXML2_CFLAGS_set=
ac_cv_env_LIBXML2_CFLAGS_value=
ac_cv_env_LIBXML2_LIBS_set=
ac_cv_env_LIBXML2_LIBS_value=
ac_cv_env_OVIRT_CFLAGS_set=
ac_cv_env_OVIRT_CFLAGS_value=
ac_cv_env_OVIRT_LIBS_set=
ac_cv_env_OVIRT_LIBS_value=
ac_cv_env_PKG_CONFIG_LIBDIR_set=
ac_cv_env_PKG_CONFIG_LIBDIR_value=
ac_cv_env_PKG_CONFIG_PATH_set=set
ac_cv_env_PKG_CONFIG_PATH_value=:/usr/lib64/pkgconfig:/usr/share/pkgconfig
ac_cv_env_PKG_CONFIG_set=
ac_cv_env_PKG_CONFIG_value=
ac_cv_env_SPICE_GTK_CFLAGS_set=
ac_cv_env_SPICE_GTK_CFLAGS_value=
ac_cv_env_SPICE_GTK_LIBS_set=
ac_cv_env_SPICE_GTK_LIBS_value=
ac_cv_env_SPICE_PROTOCOL_CFLAGS_set=
ac_cv_env_SPICE_PROTOCOL_CFLAGS_value=
ac_cv_env_SPICE_PROTOCOL_LIBS_set=
ac_cv_env_SPICE_PROTOCOL_LIBS_value=
ac_cv_env_build_alias_set=set
ac_cv_env_build_alias_value=x86_64-redhat-linux-gnu
ac_cv_env_host_alias_set=set
ac_cv_env_host_alias_value=x86_64-redhat-linux-gnu
ac_cv_env_target_alias_set=
ac_cv_env_target_alias_value=
ac_cv_func_bind_textdomain_codeset=yes
ac_cv_func_dcgettext=yes
ac_cv_func_fork=yes
ac_cv_func_ovirt_api_search_vms=no
ac_cv_func_ovirt_cluster_get_data_center=no
ac_cv_func_ovirt_host_get_cluster=no
ac_cv_func_ovirt_vm_get_host=no
ac_cv_func_socketpair=yes
ac_cv_header_dlfcn_h=yes
ac_cv_header_inttypes_h=yes
ac_cv_header_libintl_h=yes
ac_cv_header_locale_h=yes
ac_cv_header_memory_h=yes
ac_cv_header_stdc=yes
ac_cv_header_stdint_h=yes
ac_cv_header_stdlib_h=yes
ac_cv_header_string_h=yes
ac_cv_header_strings_h=yes
ac_cv_header_sys_socket_h=yes
ac_cv_header_sys_stat_h=yes
ac_cv_header_sys_types_h=yes
ac_cv_header_sys_un_h=yes
ac_cv_header_unistd_h=yes
ac_cv_header_windows_h=no
ac_cv_host=x86_64-redhat-linux-gnu
ac_cv_lib_virt_virDomainOpenGraphicsFD=yes
ac_cv_objext=o
ac_cv_path_EGREP='/usr/bin/grep -E'
ac_cv_path_FGREP='/usr/bin/grep -F'
ac_cv_path_GLIB_COMPILE_RESOURCES=/usr/bin/glib-compile-resources
ac_cv_path_GMSGFMT=/usr/bin/msgfmt
ac_cv_path_GREP=/usr/bin/grep
ac_cv_path_INTLTOOL_EXTRACT=/usr/bin/intltool-extract
ac_cv_path_INTLTOOL_MERGE=/usr/bin/intltool-merge
ac_cv_path_INTLTOOL_PERL=/usr/bin/perl
ac_cv_path_INTLTOOL_UPDATE=/usr/bin/intltool-update
ac_cv_path_MSGFMT=/usr/bin/msgfmt
ac_cv_path_MSGMERGE=/usr/bin/msgmerge
ac_cv_path_SED=/usr/bin/sed
ac_cv_path_UPDATE_MIME_DATABASE=/usr/bin/update-mime-database
ac_cv_path_XGETTEXT=/usr/bin/xgettext
ac_cv_path_ac_pt_PKG_CONFIG=/usr/bin/pkg-config
ac_cv_path_install='/usr/bin/install -c'
ac_cv_path_mkdir=/usr/bin/mkdir
ac_cv_prog_AWK=gawk
ac_cv_prog_CPP='gcc -E'
ac_cv_prog_ac_ct_AR=ar
ac_cv_prog_ac_ct_CC=gcc
ac_cv_prog_ac_ct_OBJDUMP=objdump
ac_cv_prog_ac_ct_RANLIB=ranlib
ac_cv_prog_ac_ct_STRIP=strip
ac_cv_prog_cc_c89=
ac_cv_prog_cc_g=yes
ac_cv_prog_cc_gcc_c_o=yes
ac_cv_prog_make_make_set=yes
am_cv_CC_dependencies_compiler_type=none
am_cv_make_support_nested_variables=yes
am_cv_val_LC_MESSAGES=yes
gt_cv_func_CFLocaleCopyCurrent=no
gt_cv_func_CFPreferencesCopyAppValue=no
gt_cv_func_dgettext_libc=yes
gt_cv_func_dgettext_libintl=no
gt_cv_func_ngettext_libc=yes
gt_cv_have_gettext=yes
lt_cv_ar_at_file=@
lt_cv_archive_cmds_need_lc=no
lt_cv_deplibs_check_method=pass_all
lt_cv_file_magic_cmd='$MAGIC_CMD'
lt_cv_file_magic_test_file=
lt_cv_ld_reload_flag=-r
lt_cv_nm_interface='BSD nm'
lt_cv_objdir=.libs
lt_cv_path_LD=/usr/bin/ld
lt_cv_path_NM='/usr/bin/nm -B'
lt_cv_path_mainfest_tool=no
lt_cv_prog_compiler_c_o=yes
lt_cv_prog_compiler_pic='-fPIC -DPIC'
lt_cv_prog_compiler_pic_works=yes
lt_cv_prog_compiler_rtti_exceptions=no
lt_cv_prog_compiler_static_works=no
lt_cv_prog_gnu_ld=yes
lt_cv_sharedlib_from_linklib_cmd='printf %s\n'
lt_cv_shlibpath_overrides_runpath=no
lt_cv_sys_global_symbol_pipe='sed -n -e '\''s/^.*[	 ]\([ABCDGIRSTW][ABCDGIRSTW]*\)[	 ][	 ]*\([_A-Za-z][_A-Za-z0-9]*\)$/\1 \2 \2/p'\'' | sed '\''/ __gnu_lto/d'\'''
lt_cv_sys_global_symbol_to_c_name_address='sed -n -e '\''s/^: \([^ ]*\)[ ]*$/  {\"\1\", (void *) 0},/p'\'' -e '\''s/^[ABCDGIRSTW]* \([^ ]*\) \([^ ]*\)$/  {"\2", (void *) \&\2},/p'\'''
lt_cv_sys_global_symbol_to_c_name_address_lib_prefix='sed -n -e '\''s/^: \([^ ]*\)[ ]*$/  {\"\1\", (void *) 0},/p'\'' -e '\''s/^[ABCDGIRSTW]* \([^ ]*\) \(lib[^ ]*\)$/  {"\2", (void *) \&\2},/p'\'' -e '\''s/^[ABCDGIRSTW]* \([^ ]*\) \([^ ]*\)$/  {"lib\2", (void *) \&\2},/p'\'''
lt_cv_sys_global_symbol_to_cdecl='sed -n -e '\''s/^T .* \(.*\)$/extern int \1();/p'\'' -e '\''s/^[ABCDGIRSTW]* .* \(.*\)$/extern char \1;/p'\'''
lt_cv_sys_max_cmd_len=1572864
lt_cv_to_host_file_cmd=func_convert_file_noop
lt_cv_to_tool_file_cmd=func_convert_file_noop
pkg_cv_GLIB2_CFLAGS='-pthread -I/usr/include/glib-2.0 -I/usr/lib64/glib-2.0/include  '
pkg_cv_GLIB2_LIBS='-pthread -Wl,--export-dynamic -lgio-2.0 -lgobject-2.0 -lgthread-2.0 -lgmodule-2.0 -lglib-2.0  '
pkg_cv_GTK_CFLAGS='-pthread -I/usr/include/gtk-3.0 -I/usr/include/atk-1.0 -I/usr/include/at-spi2-atk/2.0 -I/usr/include/pango-1.0 -I/usr/include/gio-unix-2.0/ -I/usr/include/cairo -I/usr/include/gdk-pixbuf-2.0 -I/usr/include/glib-2.0 -I/usr/lib64/glib-2.0/include -I/usr/include/at-spi-2.0 -I/usr/include/dbus-1.0 -I/usr/lib64/dbus-1.0/include -I/usr/include/libdrm -I/usr/include/harfbuzz -I/usr/include/freetype2 -I/usr/include/fribidi -I/usr/include/libpng15 -I/usr/include/uuid -I/usr/include/pixman-1  '
pkg_cv_GTK_LIBS='-lgtk-3 -lgdk-3 -latk-1.0 -lgio-2.0 -lpangocairo-1.0 -lgdk_pixbuf-2.0 -lcairo-gobject -lpango-1.0 -lcairo -lgobject-2.0 -lglib-2.0  '
pkg_cv_GTK_VNC_CFLAGS='-pthread -I/usr/include/gtk-vnc-2.0 -I/usr/include/gvnc-1.0 -I/usr/include/gtk-3.0 -I/usr/include/glib-2.0 -I/usr/lib64/glib-2.0/include -I/usr/include/atk-1.0 -I/usr/include/at-spi2-atk/2.0 -I/usr/include/pango-1.0 -I/usr/include/gio-unix-2.0/ -I/usr/include/cairo -I/usr/include/gdk-pixbuf-2.0 -I/usr/include/at-spi-2.0 -I/usr/include/dbus-1.0 -I/usr/lib64/dbus-1.0/include -I/usr/include/libdrm -I/usr/include/harfbuzz -I/usr/include/freetype2 -I/usr/include/fribidi -I/usr/include/libpng15 -I/usr/include/uuid -I/usr/include/pixman-1  '
pkg_cv_GTK_VNC_LIBS='-lgtk-vnc-2.0 -lgvnc-1.0 -lgtk-3 -lgdk-3 -latk-1.0 -lgio-2.0 -lpangocairo-1.0 -lgdk_pixbuf-2.0 -lcairo-gobject -lpango-1.0 -lcairo -lgobject-2.0 -lglib-2.0  '
pkg_cv_LIBVIRT_CFLAGS='-I/usr/include/libvirt-glib-1.0 -I/usr/include/glib-2.0 -I/usr/lib64/glib-2.0/include  '
pkg_cv_LIBVIRT_LIBS='-lvirt -lvirt-glib-1.0 -lglib-2.0  '
pkg_cv_LIBXML2_CFLAGS='-I/usr/include/libxml2  '
pkg_cv_LIBXML2_LIBS='-lxml2  '
pkg_cv_OVIRT_CFLAGS='-pthread -I/usr/include/govirt-1.0 -I/usr/include/glib-2.0 -I/usr/lib64/glib-2.0/include -I/usr/include/rest-0.7 -I/usr/include/libsoup-2.4 -I/usr/include/libxml2  '
pkg_cv_OVIRT_LIBS='-lgovirt -lrest-0.7 -lsoup-2.4 -lxml2 -lgio-2.0 -lgobject-2.0 -lglib-2.0  '
pkg_cv_SPICE_GTK_CFLAGS='-pthread -I/usr/include/spice-client-gtk-3.0 -I/usr/include/gtk-3.0 -I/usr/include/spice-client-glib-2.0 -I/usr/include/atk-1.0 -I/usr/include/at-spi2-atk/2.0 -I/usr/include/pango-1.0 -I/usr/include/gio-unix-2.0/ -I/usr/include/cairo -I/usr/include/gdk-pixbuf-2.0 -I/usr/include/glib-2.0 -I/usr/lib64/glib-2.0/include -I/usr/include/at-spi-2.0 -I/usr/include/dbus-1.0 -I/usr/lib64/dbus-1.0/include -I/usr/include/libdrm -I/usr/include/harfbuzz -I/usr/include/freetype2 -I/usr/include/fribidi -I/usr/include/libpng15 -I/usr/include/uuid -I/usr/include/pixman-1 -I/usr/include/spice-1  '
pkg_cv_SPICE_GTK_LIBS='-lspice-client-gtk-3.0 -lgtk-3 -lgdk-3 -latk-1.0 -lgio-2.0 -lpangocairo-1.0 -lgdk_pixbuf-2.0 -lcairo-gobject -lpango-1.0 -lcairo -lgobject-2.0 -lglib-2.0 -lspice-client-glib-2.0  '
pkg_cv_SPICE_PROTOCOL_CFLAGS='-I/usr/include/spice-1  '
pkg_cv_SPICE_PROTOCOL_LIBS=' '

## ----------------- ##
## Output variables. ##
## ----------------- ##

ACLOCAL='${SHELL} /root/rpmbuild/BUILD/virt-viewer-5.0/build-aux/missing aclocal-1.13'
ALL_LINGUAS=''
AMDEPBACKSLASH=''
AMDEP_FALSE=''
AMDEP_TRUE='#'
AMTAR='$${TAR-tar}'
AM_BACKSLASH='\'
AM_DEFAULT_V='$(AM_DEFAULT_VERBOSITY)'
AM_DEFAULT_VERBOSITY='0'
AM_V='$(V)'
AR='ar'
AUTOCONF='${SHELL} /root/rpmbuild/BUILD/virt-viewer-5.0/build-aux/missing autoconf'
AUTOHEADER='${SHELL} /root/rpmbuild/BUILD/virt-viewer-5.0/build-aux/missing autoheader'
AUTOMAKE='${SHELL} /root/rpmbuild/BUILD/virt-viewer-5.0/build-aux/missing automake-1.13'
AWK='gawk'
BUILDID='-12.el7'
CATALOGS=''
CATOBJEXT='.gmo'
CC='gcc'
CCDEPMODE='depmode=none'
CFLAGS='-O2 -g -pipe -Wall -Wp,-D_FORTIFY_SOURCE=2 -fexceptions -fstack-protector-strong --param=ssp-buffer-size=4 -grecord-gcc-switches -specs=/usr/lib/rpm/redhat/redhat-hardened-cc1  -m64 -mtune=generic'
CPP='gcc -E'
CPPFLAGS=''
CYGPATH_W='echo'
DATADIRNAME='share'
DEFS='-DHAVE_CONFIG_H'
DEPDIR='.deps'
DLLTOOL='false'
DSYMUTIL=''
DUMPBIN=''
ECHO_C=''
ECHO_N='-n'
ECHO_T=''
EGREP='/usr/bin/grep -E'
ENABLE_UPDATE_MIMEDB_FALSE=''
ENABLE_UPDATE_MIMEDB_TRUE='#'
EXEEXT=''
FGREP='/usr/bin/grep -F'
GETTEXT_PACKAGE='virt-viewer'
GLIB2_CFLAGS='-pthread -I/usr/include/glib-2.0 -I/usr/lib64/glib-2.0/include   -DGLIB_VERSION_MIN_REQUIRED=GLIB_VERSION_2_38     -DGLIB_VERSION_MAX_ALLOWED=GLIB_VERSION_2_38'
GLIB2_LIBS='-pthread -Wl,--export-dynamic -lgio-2.0 -lgobject-2.0 -lgthread-2.0 -lgmodule-2.0 -lglib-2.0  '
GLIB2_REQUIRED='2.38'
GLIB_COMPILE_RESOURCES='/usr/bin/glib-compile-resources'
GLIB_MKENUMS='glib-mkenums'
GMOFILES=''
GMSGFMT='/usr/bin/msgfmt'
GOVIRT_REQUIRED='0.3.2'
GREP='/usr/bin/grep'
GTK_CFLAGS='-pthread -I/usr/include/gtk-3.0 -I/usr/include/atk-1.0 -I/usr/include/at-spi2-atk/2.0 -I/usr/include/pango-1.0 -I/usr/include/gio-unix-2.0/ -I/usr/include/cairo -I/usr/include/gdk-pixbuf-2.0 -I/usr/include/glib-2.0 -I/usr/lib64/glib-2.0/include -I/usr/include/at-spi-2.0 -I/usr/include/dbus-1.0 -I/usr/lib64/dbus-1.0/include -I/usr/include/libdrm -I/usr/include/harfbuzz -I/usr/include/freetype2 -I/usr/include/fribidi -I/usr/include/libpng15 -I/usr/include/uuid -I/usr/include/pixman-1   -DGDK_VERSION_MIN_REQUIRED=GDK_VERSION_3_12     -DGDK_VERSION_MAX_ALLOWED=GDK_VERSION_3_12'
GTK_LIBS='-lgtk-3 -lgdk-3 -latk-1.0 -lgio-2.0 -lpangocairo-1.0 -lgdk_pixbuf-2.0 -lcairo-gobject -lpango-1.0 -lcairo -lgobject-2.0 -lglib-2.0  '
GTK_REQUIRED='3.12'
GTK_VNC_CFLAGS='-pthread -I/usr/include/gtk-vnc-2.0 -I/usr/include/gvnc-1.0 -I/usr/include/gtk-3.0 -I/usr/include/glib-2.0 -I/usr/lib64/glib-2.0/include -I/usr/include/atk-1.0 -I/usr/include/at-spi2-atk/2.0 -I/usr/include/pango-1.0 -I/usr/include/gio-unix-2.0/ -I/usr/include/cairo -I/usr/include/gdk-pixbuf-2.0 -I/usr/include/at-spi-2.0 -I/usr/include/dbus-1.0 -I/usr/lib64/dbus-1.0/include -I/usr/include/libdrm -I/usr/include/harfbuzz -I/usr/include/freetype2 -I/usr/include/fribidi -I/usr/include/libpng15 -I/usr/include/uuid -I/usr/include/pixman-1  '
GTK_VNC_LIBS='-lgtk-vnc-2.0 -lgvnc-1.0 -lgtk-3 -lgdk-3 -latk-1.0 -lgio-2.0 -lpangocairo-1.0 -lgdk_pixbuf-2.0 -lcairo-gobject -lpango-1.0 -lcairo -lgobject-2.0 -lglib-2.0  '
GTK_VNC_REQUIRED='0.4.0'
HAVE_GTK_VNC_FALSE='#'
HAVE_GTK_VNC_TRUE=''
HAVE_LIBVIRT_FALSE='#'
HAVE_LIBVIRT_TRUE=''
HAVE_OVIRT_FALSE='#'
HAVE_OVIRT_TRUE=''
HAVE_SPICE_GTK_FALSE='#'
HAVE_SPICE_GTK_TRUE=''
ICOTOOL='icotool'
INSTALL_DATA='${INSTALL} -m 644'
INSTALL_PROGRAM='${INSTALL}'
INSTALL_SCRIPT='${INSTALL}'
INSTALL_STRIP_PROGRAM='$(install_sh) -c -s'
INSTOBJEXT='.mo'
INTLLIBS=''
INTLTOOL_CAVES_RULE='%.caves:     %.caves.in     $(INTLTOOL_MERGE) $(wildcard $(top_srcdir)/po/*.po) ; $(INTLTOOL_V_MERGE)LC_ALL=C $(INTLTOOL_MERGE) $(INTLTOOL_V_MERGE_OPTIONS) -d -u -c $(top_builddir)/po/.intltool-merge-cache $(top_srcdir)/po $< $@'
INTLTOOL_DESKTOP_RULE='%.desktop:   %.desktop.in   $(INTLTOOL_MERGE) $(wildcard $(top_srcdir)/po/*.po) ; $(INTLTOOL_V_MERGE)LC_ALL=C $(INTLTOOL_MERGE) $(INTLTOOL_V_MERGE_OPTIONS) -d -u -c $(top_builddir)/po/.intltool-merge-cache $(top_srcdir)/po $< $@'
INTLTOOL_DIRECTORY_RULE='%.directory: %.directory.in $(INTLTOOL_MERGE) $(wildcard $(top_srcdir)/po/*.po) ; $(INTLTOOL_V_MERGE)LC_ALL=C $(INTLTOOL_MERGE) $(INTLTOOL_V_MERGE_OPTIONS) -d -u -c $(top_builddir)/po/.intltool-merge-cache $(top_srcdir)/po $< $@'
INTLTOOL_EXTRACT='/usr/bin/intltool-extract'
INTLTOOL_KBD_RULE='%.kbd:       %.kbd.in       $(INTLTOOL_MERGE) $(wildcard $(top_srcdir)/po/*.po) ; $(INTLTOOL_V_MERGE)LC_ALL=C $(INTLTOOL_MERGE) $(INTLTOOL_V_MERGE_OPTIONS) -x -u -m -c $(top_builddir)/po/.intltool-merge-cache $(top_srcdir)/po $< $@'
INTLTOOL_KEYS_RULE='%.keys:      %.keys.in      $(INTLTOOL_MERGE) $(wildcard $(top_srcdir)/po/*.po) ; $(INTLTOOL_V_MERGE)LC_ALL=C $(INTLTOOL_MERGE) $(INTLTOOL_V_MERGE_OPTIONS) -k -u -c $(top_builddir)/po/.intltool-merge-cache $(top_srcdir)/po $< $@'
INTLTOOL_MERGE='/usr/bin/intltool-merge'
INTLTOOL_OAF_RULE='%.oaf:       %.oaf.in       $(INTLTOOL_MERGE) $(wildcard $(top_srcdir)/po/*.po) ; $(INTLTOOL_V_MERGE)LC_ALL=C $(INTLTOOL_MERGE) $(INTLTOOL_V_MERGE_OPTIONS) -o -p $(top_srcdir)/po $< $@'
INTLTOOL_PERL='/usr/bin/perl'
INTLTOOL_POLICY_RULE='%.policy:    %.policy.in    $(INTLTOOL_MERGE) $(wildcard $(top_srcdir)/po/*.po) ; $(INTLTOOL_V_MERGE)LC_ALL=C $(INTLTOOL_MERGE) $(INTLTOOL_V_MERGE_OPTIONS) -x -u -c $(top_builddir)/po/.intltool-merge-cache $(top_srcdir)/po $< $@'
INTLTOOL_PONG_RULE='%.pong:      %.pong.in      $(INTLTOOL_MERGE) $(wildcard $(top_srcdir)/po/*.po) ; $(INTLTOOL_V_MERGE)LC_ALL=C $(INTLTOOL_MERGE) $(INTLTOOL_V_MERGE_OPTIONS) -x -u -c $(top_builddir)/po/.intltool-merge-cache $(top_srcdir)/po $< $@'
INTLTOOL_PROP_RULE='%.prop:      %.prop.in      $(INTLTOOL_MERGE) $(wildcard $(top_srcdir)/po/*.po) ; $(INTLTOOL_V_MERGE)LC_ALL=C $(INTLTOOL_MERGE) $(INTLTOOL_V_MERGE_OPTIONS) -d -u -c $(top_builddir)/po/.intltool-merge-cache $(top_srcdir)/po $< $@'
INTLTOOL_SCHEMAS_RULE='%.schemas:   %.schemas.in   $(INTLTOOL_MERGE) $(wildcard $(top_srcdir)/po/*.po) ; $(INTLTOOL_V_MERGE)LC_ALL=C $(INTLTOOL_MERGE) $(INTLTOOL_V_MERGE_OPTIONS) -s -u -c $(top_builddir)/po/.intltool-merge-cache $(top_srcdir)/po $< $@'
INTLTOOL_SERVER_RULE='%.server:    %.server.in    $(INTLTOOL_MERGE) $(wildcard $(top_srcdir)/po/*.po) ; $(INTLTOOL_V_MERGE)LC_ALL=C $(INTLTOOL_MERGE) $(INTLTOOL_V_MERGE_OPTIONS) -o -u -c $(top_builddir)/po/.intltool-merge-cache $(top_srcdir)/po $< $@'
INTLTOOL_SERVICE_RULE='%.service: %.service.in   $(INTLTOOL_MERGE) $(wildcard $(top_srcdir)/po/*.po) ; $(INTLTOOL_V_MERGE)LC_ALL=C $(INTLTOOL_MERGE) $(INTLTOOL_V_MERGE_OPTIONS) -d -u -c $(top_builddir)/po/.intltool-merge-cache $(top_srcdir)/po $< $@'
INTLTOOL_SHEET_RULE='%.sheet:     %.sheet.in     $(INTLTOOL_MERGE) $(wildcard $(top_srcdir)/po/*.po) ; $(INTLTOOL_V_MERGE)LC_ALL=C $(INTLTOOL_MERGE) $(INTLTOOL_V_MERGE_OPTIONS) -x -u -c $(top_builddir)/po/.intltool-merge-cache $(top_srcdir)/po $< $@'
INTLTOOL_SOUNDLIST_RULE='%.soundlist: %.soundlist.in $(INTLTOOL_MERGE) $(wildcard $(top_srcdir)/po/*.po) ; $(INTLTOOL_V_MERGE)LC_ALL=C $(INTLTOOL_MERGE) $(INTLTOOL_V_MERGE_OPTIONS) -d -u -c $(top_builddir)/po/.intltool-merge-cache $(top_srcdir)/po $< $@'
INTLTOOL_THEME_RULE='%.theme:     %.theme.in     $(INTLTOOL_MERGE) $(wildcard $(top_srcdir)/po/*.po) ; $(INTLTOOL_V_MERGE)LC_ALL=C $(INTLTOOL_MERGE) $(INTLTOOL_V_MERGE_OPTIONS) -d -u -c $(top_builddir)/po/.intltool-merge-cache $(top_srcdir)/po $< $@'
INTLTOOL_UI_RULE='%.ui:        %.ui.in        $(INTLTOOL_MERGE) $(wildcard $(top_srcdir)/po/*.po) ; $(INTLTOOL_V_MERGE)LC_ALL=C $(INTLTOOL_MERGE) $(INTLTOOL_V_MERGE_OPTIONS) -x -u -c $(top_builddir)/po/.intltool-merge-cache $(top_srcdir)/po $< $@'
INTLTOOL_UPDATE='/usr/bin/intltool-update'
INTLTOOL_V_MERGE='$(INTLTOOL__v_MERGE_$(V))'
INTLTOOL_V_MERGE_OPTIONS='$(intltool__v_merge_options_$(V))'
INTLTOOL_XAM_RULE='%.xam:       %.xml.in       $(INTLTOOL_MERGE) $(wildcard $(top_srcdir)/po/*.po) ; $(INTLTOOL_V_MERGE)LC_ALL=C $(INTLTOOL_MERGE) $(INTLTOOL_V_MERGE_OPTIONS) -x -u -c $(top_builddir)/po/.intltool-merge-cache $(top_srcdir)/po $< $@'
INTLTOOL_XML_NOMERGE_RULE='%.xml:       %.xml.in       $(INTLTOOL_MERGE) ; $(INTLTOOL_V_MERGE)LC_ALL=C $(INTLTOOL_MERGE) $(INTLTOOL_V_MERGE_OPTIONS) -x -u --no-translations $< $@'
INTLTOOL_XML_RULE='%.xml:       %.xml.in       $(INTLTOOL_MERGE) $(wildcard $(top_srcdir)/po/*.po) ; $(INTLTOOL_V_MERGE)LC_ALL=C $(INTLTOOL_MERGE) $(INTLTOOL_V_MERGE_OPTIONS) -x -u -c $(top_builddir)/po/.intltool-merge-cache $(top_srcdir)/po $< $@'
INTLTOOL__v_MERGE_0='@echo "  ITMRG " $@;'
INTLTOOL__v_MERGE_='$(INTLTOOL__v_MERGE_$(AM_DEFAULT_VERBOSITY))'
INTL_MACOSX_LIBS=''
LD='/usr/bin/ld -m elf_x86_64'
LDFLAGS='-Wl,-z,relro -specs=/usr/lib/rpm/redhat/redhat-hardened-ld'
LIBOBJS=''
LIBS=''
LIBTOOL='$(SHELL) $(top_builddir)/libtool'
LIBVIRT_CFLAGS='-I/usr/include/libvirt-glib-1.0 -I/usr/include/glib-2.0 -I/usr/lib64/glib-2.0/include  '
LIBVIRT_GLIB_REQUIRED='0.1.8'
LIBVIRT_LIBS='-lvirt -lvirt-glib-1.0 -lglib-2.0  '
LIBVIRT_REQUIRED='0.10.0'
LIBXML2_CFLAGS='-I/usr/include/libxml2  '
LIBXML2_LIBS='-lxml2  '
LIBXML2_REQUIRED='2.6.0'
LIPO=''
LN_S='ln -s'
LTLIBOBJS=''
MAKEINFO='${SHELL} /root/rpmbuild/BUILD/virt-viewer-5.0/build-aux/missing makeinfo'
MANIFEST_TOOL=':'
MKDIR_P='/usr/bin/mkdir -p'
MKINSTALLDIRS='build-aux/mkinstalldirs'
MSGFMT='/usr/bin/msgfmt'
MSGFMT_OPTS='-c'
MSGMERGE='/usr/bin/msgmerge'
NM='/usr/bin/nm -B'
NMEDIT=''
OBJDUMP='objdump'
OBJEXT='o'
OS_WIN32_FALSE=''
OS_WIN32_TRUE='#'
OTOOL64=''
OTOOL=''
OVIRT_CFLAGS='-pthread -I/usr/include/govirt-1.0 -I/usr/include/glib-2.0 -I/usr/lib64/glib-2.0/include -I/usr/include/rest-0.7 -I/usr/include/libsoup-2.4 -I/usr/include/libxml2  '
OVIRT_LIBS='-lgovirt -lrest-0.7 -lsoup-2.4 -lxml2 -lgio-2.0 -lgobject-2.0 -lglib-2.0  '
PACKAGE='virt-viewer'
PACKAGE_BUGREPORT=''
PACKAGE_NAME='virt-viewer'
PACKAGE_STRING='virt-viewer 5.0'
PACKAGE_TARNAME='virt-viewer'
PACKAGE_URL=''
PACKAGE_VERSION='5.0'
PATH_SEPARATOR=':'
PKG_CONFIG='/usr/bin/pkg-config'
PKG_CONFIG_LIBDIR=''
PKG_CONFIG_PATH=':/usr/lib64/pkgconfig:/usr/share/pkgconfig'
POFILES=''
POSUB='po'
PO_IN_DATADIR_FALSE=''
PO_IN_DATADIR_TRUE=''
RANLIB='ranlib'
SED='/usr/bin/sed'
SET_MAKE=''
SHELL='/bin/sh'
SPICE_GTK_CFLAGS='-pthread -I/usr/include/spice-client-gtk-3.0 -I/usr/include/gtk-3.0 -I/usr/include/spice-client-glib-2.0 -I/usr/include/atk-1.0 -I/usr/include/at-spi2-atk/2.0 -I/usr/include/pango-1.0 -I/usr/include/gio-unix-2.0/ -I/usr/include/cairo -I/usr/include/gdk-pixbuf-2.0 -I/usr/include/glib-2.0 -I/usr/lib64/glib-2.0/include -I/usr/include/at-spi-2.0 -I/usr/include/dbus-1.0 -I/usr/lib64/dbus-1.0/include -I/usr/include/libdrm -I/usr/include/harfbuzz -I/usr/include/freetype2 -I/usr/include/fribidi -I/usr/include/libpng15 -I/usr/include/uuid -I/usr/include/pixman-1 -I/usr/include/spice-1  '
SPICE_GTK_LIBS='-lspice-client-gtk-3.0 -lgtk-3 -lgdk-3 -latk-1.0 -lgio-2.0 -lpangocairo-1.0 -lgdk_pixbuf-2.0 -lcairo-gobject -lpango-1.0 -lcairo -lgobject-2.0 -lglib-2.0 -lspice-client-glib-2.0  '
SPICE_GTK_REQUIRED='0.33'
SPICE_PROTOCOL_CFLAGS='-I/usr/include/spice-1  '
SPICE_PROTOCOL_LIBS=' '
SPICE_PROTOCOL_REQUIRED='0.12.7'
STRIP='strip'
UPDATE_MIME_DATABASE='/usr/bin/update-mime-database'
USE_NLS='yes'
VERSION='5.0'
WARN_CFLAGS=' -fexceptions -fstack-protector --param=ssp-buffer-size=4 -fasynchronous-unwind-tables -Wall -Wmissing-prototypes -std=c99 -Wnested-externs -Wpointer-arith -Wextra -Wshadow -Wcast-align -Wwrite-strings -Waggregate-return -Winline -Wredundant-decls -Wdeprecated-declarations -Wno-sign-compare '
WINDOWS_PRODUCTVERSION='5.0.12.el7'
WINDRES=''
WIXL_ARCH=''
XGETTEXT='/usr/bin/xgettext'
ac_ct_AR='ar'
ac_ct_CC='gcc'
ac_ct_DUMPBIN=''
am__EXEEXT_FALSE=''
am__EXEEXT_TRUE='#'
am__fastdepCC_FALSE=''
am__fastdepCC_TRUE='#'
am__include='include'
am__isrc=''
am__leading_dot='.'
am__nodep=''
am__quote=''
am__tar='$${TAR-tar} chof - "$$tardir"'
am__untar='$${TAR-tar} xf -'
bindir='/usr/bin'
build='x86_64-redhat-linux-gnu'
build_alias='x86_64-redhat-linux-gnu'
build_cpu='x86_64'
build_os='linux-gnu'
build_vendor='redhat'
datadir='/usr/share'
datarootdir='${prefix}/share'
docdir='${datarootdir}/doc/${PACKAGE_TARNAME}'
dvidir='${docdir}'
exec_prefix='/usr'
host='x86_64-redhat-linux-gnu'
host_alias='x86_64-redhat-linux-gnu'
host_cpu='x86_64'
host_os='linux-gnu'
host_vendor='redhat'
htmldir='${docdir}'
includedir='/usr/include'
infodir='/usr/share/info'
install_sh='${SHELL} /root/rpmbuild/BUILD/virt-viewer-5.0/build-aux/install-sh'
intltool__v_merge_options_0='-q'
intltool__v_merge_options_='$(intltool__v_merge_options_$(AM_DEFAULT_VERBOSITY))'
libdir='/usr/lib64'
libexecdir='/usr/libexec'
localedir='${datarootdir}/locale'
localstatedir='/var'
mandir='/usr/share/man'
mkdir_p='$(MKDIR_P)'
oldincludedir='/usr/include'
pdfdir='${docdir}'
prefix='/usr'
program_transform_name='s&^&&'
psdir='${docdir}'
sbindir='/usr/sbin'
sharedstatedir='/var/lib'
sysconfdir='/etc'
target_alias=''

## ----------- ##
## confdefs.h. ##
## ----------- ##

/* confdefs.h */
#define PACKAGE_NAME "virt-viewer"
#define PACKAGE_TARNAME "virt-viewer"
#define PACKAGE_VERSION "5.0"
#define PACKAGE_STRING "virt-viewer 5.0"
#define PACKAGE_BUGREPORT ""
#define PACKAGE_URL ""
#define PACKAGE "virt-viewer"
#define VERSION "5.0"
#define STDC_HEADERS 1
#define HAVE_SYS_TYPES_H 1
#define HAVE_SYS_STAT_H 1
#define HAVE_STDLIB_H 1
#define HAVE_STRING_H 1
#define HAVE_MEMORY_H 1
#define HAVE_STRINGS_H 1
#define HAVE_INTTYPES_H 1
#define HAVE_STDINT_H 1
#define HAVE_UNISTD_H 1
#define HAVE_DLFCN_H 1
#define LT_OBJDIR ".libs/"
#define _GNU_SOURCE /**/
#define GETTEXT_PACKAGE "virt-viewer"
#define HAVE_LOCALE_H 1
#define HAVE_LC_MESSAGES 1
#define HAVE_BIND_TEXTDOMAIN_CODESET 1
#define HAVE_GETTEXT 1
#define HAVE_DCGETTEXT 1
#define ENABLE_NLS 1
#define HAVE_LIBVIRT 1
#define HAVE_VIR_DOMAIN_OPEN_GRAPHICS_FD 1
#define HAVE_GTK_VNC 1
#define HAVE_SPICE_GTK 1
#define HAVE_OVIRT 1
#define HAVE_OVIRT_CANCEL 1
#define HAVE_SYS_SOCKET_H 1
#define HAVE_SYS_UN_H 1
#define HAVE_FORK 1
#define HAVE_SOCKETPAIR 1
#define REMOTE_VIEWER_OS_ID "rhel7"
#define BUILDID "-12.el7"

configure: exit 0
