Start analysis the source code.
E:\SVN\Aphrodite\trunk\Code\unicorn\ksmp/diskmgr\admin.py 
E:\SVN\Aphrodite\trunk\Code\unicorn\ksmp/diskmgr\business.py 
E:\SVN\Aphrodite\trunk\Code\unicorn\ksmp/diskmgr\ifconfig.py 
E:\SVN\Aphrodite\trunk\Code\unicorn\ksmp/diskmgr\models.py 
E:\SVN\Aphrodite\trunk\Code\unicorn\ksmp/diskmgr\tests.py 
E:\SVN\Aphrodite\trunk\Code\unicorn\ksmp/diskmgr\urls.py 
E:\SVN\Aphrodite\trunk\Code\unicorn\ksmp/diskmgr\views.py 
E:\SVN\Aphrodite\trunk\Code\unicorn\ksmp/diskmgr\__init__.py 
E:\SVN\Aphrodite\trunk\Code\unicorn\ksmp/diskmgr\migrations\__init__.py 
E:\SVN\Aphrodite\trunk\Code\unicorn\ksmp/driverlist\admin.py 
E:\SVN\Aphrodite\trunk\Code\unicorn\ksmp/driverlist\models.py 
E:\SVN\Aphrodite\trunk\Code\unicorn\ksmp/driverlist\tests.py 
E:\SVN\Aphrodite\trunk\Code\unicorn\ksmp/driverlist\urls.py 
E:\SVN\Aphrodite\trunk\Code\unicorn\ksmp/driverlist\views.py 
E:\SVN\Aphrodite\trunk\Code\unicorn\ksmp/driverlist\__init__.py 
E:\SVN\Aphrodite\trunk\Code\unicorn\ksmp/driverlist\migrations\__init__.py 
E:\SVN\Aphrodite\trunk\Code\unicorn\ksmp/fans\admin.py 
E:\SVN\Aphrodite\trunk\Code\unicorn\ksmp/fans\models.py 
E:\SVN\Aphrodite\trunk\Code\unicorn\ksmp/fans\tests.py 
E:\SVN\Aphrodite\trunk\Code\unicorn\ksmp/fans\urls.py 
E:\SVN\Aphrodite\trunk\Code\unicorn\ksmp/fans\views.py 
E:\SVN\Aphrodite\trunk\Code\unicorn\ksmp/fans\__init__.py 
E:\SVN\Aphrodite\trunk\Code\unicorn\ksmp/fans\migrations\__init__.py 
E:\SVN\Aphrodite\trunk\Code\unicorn\ksmp/firewall\admin.py 
E:\SVN\Aphrodite\trunk\Code\unicorn\ksmp/firewall\business.py 
E:\SVN\Aphrodite\trunk\Code\unicorn\ksmp/firewall\const.py 
E:\SVN\Aphrodite\trunk\Code\unicorn\ksmp/firewall\models.py 
E:\SVN\Aphrodite\trunk\Code\unicorn\ksmp/firewall\move.py 
E:\SVN\Aphrodite\trunk\Code\unicorn\ksmp/firewall\testfirewall.py 
E:\SVN\Aphrodite\trunk\Code\unicorn\ksmp/firewall\tests.py 
E:\SVN\Aphrodite\trunk\Code\unicorn\ksmp/firewall\testsfirewalld.py 
E:\SVN\Aphrodite\trunk\Code\unicorn\ksmp/firewall\urls.py 
E:\SVN\Aphrodite\trunk\Code\unicorn\ksmp/firewall\views.py 
E:\SVN\Aphrodite\trunk\Code\unicorn\ksmp/firewall\__init__.py 
E:\SVN\Aphrodite\trunk\Code\unicorn\ksmp/firewall\migrations\__init__.py 
E:\SVN\Aphrodite\trunk\Code\unicorn\ksmp/ft\admin.py 
E:\SVN\Aphrodite\trunk\Code\unicorn\ksmp/ft\common.py 
E:\SVN\Aphrodite\trunk\Code\unicorn\ksmp/ft\models.py 
E:\SVN\Aphrodite\trunk\Code\unicorn\ksmp/ft\service.py 
E:\SVN\Aphrodite\trunk\Code\unicorn\ksmp/ft\tests.py 
E:\SVN\Aphrodite\trunk\Code\unicorn\ksmp/ft\urls.py 
E:\SVN\Aphrodite\trunk\Code\unicorn\ksmp/ft\views.py 
E:\SVN\Aphrodite\trunk\Code\unicorn\ksmp/ft\__init__.py 
E:\SVN\Aphrodite\trunk\Code\unicorn\ksmp/ft\migrations\__init__.py 
E:\SVN\Aphrodite\trunk\Code\unicorn\ksmp/ftp\admin.py 
E:\SVN\Aphrodite\trunk\Code\unicorn\ksmp/ftp\check_file.py 
E:\SVN\Aphrodite\trunk\Code\unicorn\ksmp/ftp\configobjftp.py 
E:\SVN\Aphrodite\trunk\Code\unicorn\ksmp/ftp\ip_operate.py 
E:\SVN\Aphrodite\trunk\Code\unicorn\ksmp/ftp\models.py 
E:\SVN\Aphrodite\trunk\Code\unicorn\ksmp/ftp\reset_config.py 
E:\SVN\Aphrodite\trunk\Code\unicorn\ksmp/ftp\tests.py 
E:\SVN\Aphrodite\trunk\Code\unicorn\ksmp/ftp\urls.py 
E:\SVN\Aphrodite\trunk\Code\unicorn\ksmp/ftp\views.py 
E:\SVN\Aphrodite\trunk\Code\unicorn\ksmp/ftp\__init__.py 
E:\SVN\Aphrodite\trunk\Code\unicorn\ksmp/ftp\migrations\__init__.py 
E:\SVN\Aphrodite\trunk\Code\unicorn\ksmp/host\admin.py 
E:\SVN\Aphrodite\trunk\Code\unicorn\ksmp/host\models.py 
E:\SVN\Aphrodite\trunk\Code\unicorn\ksmp/host\tests.py 
E:\SVN\Aphrodite\trunk\Code\unicorn\ksmp/host\urls.py 
E:\SVN\Aphrodite\trunk\Code\unicorn\ksmp/host\views.py 
E:\SVN\Aphrodite\trunk\Code\unicorn\ksmp/host\__init__.py 
E:\SVN\Aphrodite\trunk\Code\unicorn\ksmp/host\migrations\__init__.py 
E:\SVN\Aphrodite\trunk\Code\unicorn\ksmp/index\admin.py 
E:\SVN\Aphrodite\trunk\Code\unicorn\ksmp/index\models.py 
E:\SVN\Aphrodite\trunk\Code\unicorn\ksmp/index\tests.py 
E:\SVN\Aphrodite\trunk\Code\unicorn\ksmp/index\urls.py 
E:\SVN\Aphrodite\trunk\Code\unicorn\ksmp/index\views.py 
E:\SVN\Aphrodite\trunk\Code\unicorn\ksmp/index\__init__.py 
E:\SVN\Aphrodite\trunk\Code\unicorn\ksmp/index\migrations\__init__.py 
E:\SVN\Aphrodite\trunk\Code\unicorn\ksmp/ksmp\database_router.py 
E:\SVN\Aphrodite\trunk\Code\unicorn\ksmp/ksmp\logger.py 
E:\SVN\Aphrodite\trunk\Code\unicorn\ksmp/ksmp\message.py 
E:\SVN\Aphrodite\trunk\Code\unicorn\ksmp/ksmp\settings.py 
E:\SVN\Aphrodite\trunk\Code\unicorn\ksmp/ksmp\tz.py 
E:\SVN\Aphrodite\trunk\Code\unicorn\ksmp/ksmp\urls.py 
E:\SVN\Aphrodite\trunk\Code\unicorn\ksmp/ksmp\util.py 
E:\SVN\Aphrodite\trunk\Code\unicorn\ksmp/ksmp\wsgi.py 
E:\SVN\Aphrodite\trunk\Code\unicorn\ksmp/ksmp\__init__.py 
E:\SVN\Aphrodite\trunk\Code\unicorn\ksmp/load\admin.py 
E:\SVN\Aphrodite\trunk\Code\unicorn\ksmp/load\models.py 
E:\SVN\Aphrodite\trunk\Code\unicorn\ksmp/load\tests.py 
E:\SVN\Aphrodite\trunk\Code\unicorn\ksmp/load\urls.py 
E:\SVN\Aphrodite\trunk\Code\unicorn\ksmp/load\views.py 
E:\SVN\Aphrodite\trunk\Code\unicorn\ksmp/load\__init__.py 
E:\SVN\Aphrodite\trunk\Code\unicorn\ksmp/load\migrations\__init__.py 
E:\SVN\Aphrodite\trunk\Code\unicorn\ksmp/log\admin.py 
E:\SVN\Aphrodite\trunk\Code\unicorn\ksmp/log\models.py 
E:\SVN\Aphrodite\trunk\Code\unicorn\ksmp/log\service.py 
E:\SVN\Aphrodite\trunk\Code\unicorn\ksmp/log\tests.py 
E:\SVN\Aphrodite\trunk\Code\unicorn\ksmp/log\urls.py 
E:\SVN\Aphrodite\trunk\Code\unicorn\ksmp/log\views.py 
E:\SVN\Aphrodite\trunk\Code\unicorn\ksmp/log\__init__.py 
E:\SVN\Aphrodite\trunk\Code\unicorn\ksmp/log\migrations\__init__.py 
E:\SVN\Aphrodite\trunk\Code\unicorn\ksmp/login\admin.py 
E:\SVN\Aphrodite\trunk\Code\unicorn\ksmp/login\models.py 
E:\SVN\Aphrodite\trunk\Code\unicorn\ksmp/login\tests.py 
E:\SVN\Aphrodite\trunk\Code\unicorn\ksmp/login\urls.py 
E:\SVN\Aphrodite\trunk\Code\unicorn\ksmp/login\views.py 
E:\SVN\Aphrodite\trunk\Code\unicorn\ksmp/login\__init__.py 
E:\SVN\Aphrodite\trunk\Code\unicorn\ksmp/login\migrations\__init__.py 
E:\SVN\Aphrodite\trunk\Code\unicorn\ksmp/logmanager\admin.py 
E:\SVN\Aphrodite\trunk\Code\unicorn\ksmp/logmanager\models.py 
E:\SVN\Aphrodite\trunk\Code\unicorn\ksmp/logmanager\service.py 
E:\SVN\Aphrodite\trunk\Code\unicorn\ksmp/logmanager\tests.py 
E:\SVN\Aphrodite\trunk\Code\unicorn\ksmp/logmanager\urls.py 
E:\SVN\Aphrodite\trunk\Code\unicorn\ksmp/logmanager\views.py 
E:\SVN\Aphrodite\trunk\Code\unicorn\ksmp/logmanager\__init__.py 
E:\SVN\Aphrodite\trunk\Code\unicorn\ksmp/logmanager\migrations\__init__.py 
E:\SVN\Aphrodite\trunk\Code\unicorn\ksmp/network\admin.py 
E:\SVN\Aphrodite\trunk\Code\unicorn\ksmp/network\conststr.py 
E:\SVN\Aphrodite\trunk\Code\unicorn\ksmp/network\eth_views.py 
E:\SVN\Aphrodite\trunk\Code\unicorn\ksmp/network\models.py 
E:\SVN\Aphrodite\trunk\Code\unicorn\ksmp/network\nm_common.py 
E:\SVN\Aphrodite\trunk\Code\unicorn\ksmp/network\tests.py 
E:\SVN\Aphrodite\trunk\Code\unicorn\ksmp/network\urls.py 
E:\SVN\Aphrodite\trunk\Code\unicorn\ksmp/network\views.py 
E:\SVN\Aphrodite\trunk\Code\unicorn\ksmp/network\__init__.py 
E:\SVN\Aphrodite\trunk\Code\unicorn\ksmp/network\migrations\__init__.py 
E:\SVN\Aphrodite\trunk\Code\unicorn\ksmp/nfs\admin.py 
E:\SVN\Aphrodite\trunk\Code\unicorn\ksmp/nfs\models.py 
E:\SVN\Aphrodite\trunk\Code\unicorn\ksmp/nfs\tests.py 
E:\SVN\Aphrodite\trunk\Code\unicorn\ksmp/nfs\urls.py 
E:\SVN\Aphrodite\trunk\Code\unicorn\ksmp/nfs\views.py 
E:\SVN\Aphrodite\trunk\Code\unicorn\ksmp/nfs\__init__.py 
E:\SVN\Aphrodite\trunk\Code\unicorn\ksmp/nfs\migrations\__init__.py 
E:\SVN\Aphrodite\trunk\Code\unicorn\ksmp/packages\admin.py 
E:\SVN\Aphrodite\trunk\Code\unicorn\ksmp/packages\models.py 
E:\SVN\Aphrodite\trunk\Code\unicorn\ksmp/packages\tests.py 
E:\SVN\Aphrodite\trunk\Code\unicorn\ksmp/packages\urls.py 
E:\SVN\Aphrodite\trunk\Code\unicorn\ksmp/packages\views.py 
E:\SVN\Aphrodite\trunk\Code\unicorn\ksmp/packages\__init__.py 
E:\SVN\Aphrodite\trunk\Code\unicorn\ksmp/packages\migrations\__init__.py 
E:\SVN\Aphrodite\trunk\Code\unicorn\ksmp/precmd\admin.py 
E:\SVN\Aphrodite\trunk\Code\unicorn\ksmp/precmd\models.py 
E:\SVN\Aphrodite\trunk\Code\unicorn\ksmp/precmd\tests.py 
E:\SVN\Aphrodite\trunk\Code\unicorn\ksmp/precmd\urls.py 
E:\SVN\Aphrodite\trunk\Code\unicorn\ksmp/precmd\views.py 
E:\SVN\Aphrodite\trunk\Code\unicorn\ksmp/precmd\__init__.py 
E:\SVN\Aphrodite\trunk\Code\unicorn\ksmp/precmd\migrations\__init__.py 
E:\SVN\Aphrodite\trunk\Code\unicorn\ksmp/public\constant.py 
E:\SVN\Aphrodite\trunk\Code\unicorn\ksmp/public\functions.py 
E:\SVN\Aphrodite\trunk\Code\unicorn\ksmp/public\monitor_task.py 
E:\SVN\Aphrodite\trunk\Code\unicorn\ksmp/public\__init__.py 
E:\SVN\Aphrodite\trunk\Code\unicorn\ksmp/resources\admin.py 
E:\SVN\Aphrodite\trunk\Code\unicorn\ksmp/resources\models.py 
E:\SVN\Aphrodite\trunk\Code\unicorn\ksmp/resources\tests.py 
E:\SVN\Aphrodite\trunk\Code\unicorn\ksmp/resources\urls.py 
E:\SVN\Aphrodite\trunk\Code\unicorn\ksmp/resources\views.py 
E:\SVN\Aphrodite\trunk\Code\unicorn\ksmp/resources\__init__.py 
E:\SVN\Aphrodite\trunk\Code\unicorn\ksmp/resources\migrations\__init__.py 
E:\SVN\Aphrodite\trunk\Code\unicorn\ksmp/session\admin.py 
E:\SVN\Aphrodite\trunk\Code\unicorn\ksmp/session\ksmp_session.py 
E:\SVN\Aphrodite\trunk\Code\unicorn\ksmp/session\models.py 
E:\SVN\Aphrodite\trunk\Code\unicorn\ksmp/session\permission.py 
E:\SVN\Aphrodite\trunk\Code\unicorn\ksmp/session\SessionAuthticateMiddleWare.py 
E:\SVN\Aphrodite\trunk\Code\unicorn\ksmp/session\TestKsmp_session.py 
E:\SVN\Aphrodite\trunk\Code\unicorn\ksmp/session\TestPermission.py 
E:\SVN\Aphrodite\trunk\Code\unicorn\ksmp/session\tests.py 
E:\SVN\Aphrodite\trunk\Code\unicorn\ksmp/session\TestSessionAuthticateMiddleWare.py 
E:\SVN\Aphrodite\trunk\Code\unicorn\ksmp/session\userStatus.py 
E:\SVN\Aphrodite\trunk\Code\unicorn\ksmp/session\views.py 
E:\SVN\Aphrodite\trunk\Code\unicorn\ksmp/session\__init__.py 
E:\SVN\Aphrodite\trunk\Code\unicorn\ksmp/session\migrations\0001_initial.py 
E:\SVN\Aphrodite\trunk\Code\unicorn\ksmp/session\migrations\__init__.py 
E:\SVN\Aphrodite\trunk\Code\unicorn\ksmp/sysmonitor\admin.py 
E:\SVN\Aphrodite\trunk\Code\unicorn\ksmp/sysmonitor\admin.pyc 
E:\SVN\Aphrodite\trunk\Code\unicorn\ksmp/sysmonitor\common.py 
E:\SVN\Aphrodite\trunk\Code\unicorn\ksmp/sysmonitor\constant.py 
E:\SVN\Aphrodite\trunk\Code\unicorn\ksmp/sysmonitor\models.py 
E:\SVN\Aphrodite\trunk\Code\unicorn\ksmp/sysmonitor\models.pyc 
E:\SVN\Aphrodite\trunk\Code\unicorn\ksmp/sysmonitor\tests.py 
E:\SVN\Aphrodite\trunk\Code\unicorn\ksmp/sysmonitor\testsCpu.py 
E:\SVN\Aphrodite\trunk\Code\unicorn\ksmp/sysmonitor\testsDisk.py 
E:\SVN\Aphrodite\trunk\Code\unicorn\ksmp/sysmonitor\testsfs.py 
E:\SVN\Aphrodite\trunk\Code\unicorn\ksmp/sysmonitor\testsProcess.py 
E:\SVN\Aphrodite\trunk\Code\unicorn\ksmp/sysmonitor\urls.py 
E:\SVN\Aphrodite\trunk\Code\unicorn\ksmp/sysmonitor\views.py 
E:\SVN\Aphrodite\trunk\Code\unicorn\ksmp/sysmonitor\__init__.py 
E:\SVN\Aphrodite\trunk\Code\unicorn\ksmp/sysmonitor\__init__.pyc 
E:\SVN\Aphrodite\trunk\Code\unicorn\ksmp/sysmonitor\core\unicon_monitor_list.py 
E:\SVN\Aphrodite\trunk\Code\unicorn\ksmp/sysmonitor\core\unicon_processes.py 
E:\SVN\Aphrodite\trunk\Code\unicorn\ksmp/sysmonitor\core\unicon_standalone.py 
E:\SVN\Aphrodite\trunk\Code\unicorn\ksmp/sysmonitor\core\unicon_stats.py 
E:\SVN\Aphrodite\trunk\Code\unicorn\ksmp/sysmonitor\core\unicon_timer.py 
E:\SVN\Aphrodite\trunk\Code\unicorn\ksmp/sysmonitor\core\unicorn_actions.py 
E:\SVN\Aphrodite\trunk\Code\unicorn\ksmp/sysmonitor\core\unicorn_cpu_percent.py 
E:\SVN\Aphrodite\trunk\Code\unicorn\ksmp/sysmonitor\core\unicorn_globals.py 
E:\SVN\Aphrodite\trunk\Code\unicorn\ksmp/sysmonitor\core\unicorn_logging.py 
E:\SVN\Aphrodite\trunk\Code\unicorn\ksmp/sysmonitor\core\__init__.py 
E:\SVN\Aphrodite\trunk\Code\unicorn\ksmp/sysmonitor\migrations\__init__.py 
E:\SVN\Aphrodite\trunk\Code\unicorn\ksmp/sysmonitor\migrations\__init__.pyc 
E:\SVN\Aphrodite\trunk\Code\unicorn\ksmp/sysmonitor\plugins\unicon_diskio.py 
E:\SVN\Aphrodite\trunk\Code\unicorn\ksmp/sysmonitor\plugins\unicon_docker.py 
E:\SVN\Aphrodite\trunk\Code\unicorn\ksmp/sysmonitor\plugins\unicon_ip.py 
E:\SVN\Aphrodite\trunk\Code\unicorn\ksmp/sysmonitor\plugins\unicon_mem.py 
E:\SVN\Aphrodite\trunk\Code\unicorn\ksmp/sysmonitor\plugins\unicon_memswap.py 
E:\SVN\Aphrodite\trunk\Code\unicorn\ksmp/sysmonitor\plugins\unicon_monitor.py 
E:\SVN\Aphrodite\trunk\Code\unicorn\ksmp/sysmonitor\plugins\unicon_network.py 
E:\SVN\Aphrodite\trunk\Code\unicorn\ksmp/sysmonitor\plugins\unicon_processcount.py 
E:\SVN\Aphrodite\trunk\Code\unicorn\ksmp/sysmonitor\plugins\unicon_processlist.py 
E:\SVN\Aphrodite\trunk\Code\unicorn\ksmp/sysmonitor\plugins\unicon_system.py 
E:\SVN\Aphrodite\trunk\Code\unicorn\ksmp/sysmonitor\plugins\unicorn_batpercent.py 
E:\SVN\Aphrodite\trunk\Code\unicorn\ksmp/sysmonitor\plugins\unicorn_cmd_sensor.py 
E:\SVN\Aphrodite\trunk\Code\unicorn\ksmp/sysmonitor\plugins\unicorn_core.py 
E:\SVN\Aphrodite\trunk\Code\unicorn\ksmp/sysmonitor\plugins\unicorn_cpu.py 
E:\SVN\Aphrodite\trunk\Code\unicorn\ksmp/sysmonitor\plugins\unicorn_disk_com.py 
E:\SVN\Aphrodite\trunk\Code\unicorn\ksmp/sysmonitor\plugins\unicorn_fs.py 
E:\SVN\Aphrodite\trunk\Code\unicorn\ksmp/sysmonitor\plugins\unicorn_hddtemp.py 
E:\SVN\Aphrodite\trunk\Code\unicorn\ksmp/sysmonitor\plugins\unicorn_interrupts.py 
E:\SVN\Aphrodite\trunk\Code\unicorn\ksmp/sysmonitor\plugins\unicorn_load.py 
E:\SVN\Aphrodite\trunk\Code\unicorn\ksmp/sysmonitor\plugins\unicorn_mem_business.py 
E:\SVN\Aphrodite\trunk\Code\unicorn\ksmp/sysmonitor\plugins\unicorn_network_io.py 
E:\SVN\Aphrodite\trunk\Code\unicorn\ksmp/sysmonitor\plugins\unicorn_percpu.py 
E:\SVN\Aphrodite\trunk\Code\unicorn\ksmp/sysmonitor\plugins\unicorn_plugin.py 
E:\SVN\Aphrodite\trunk\Code\unicorn\ksmp/sysmonitor\plugins\unicorn_process_fs.py 
E:\SVN\Aphrodite\trunk\Code\unicorn\ksmp/sysmonitor\plugins\unicorn_sensors.py 
E:\SVN\Aphrodite\trunk\Code\unicorn\ksmp/sysmonitor\plugins\unicorn_sysfs.py 
E:\SVN\Aphrodite\trunk\Code\unicorn\ksmp/sysmonitor\plugins\__init__.py 
E:\SVN\Aphrodite\trunk\Code\unicorn\ksmp/sysmonitor\service\servicecpu.py 
E:\SVN\Aphrodite\trunk\Code\unicorn\ksmp/sysmonitor\service\servicedisk.py 
E:\SVN\Aphrodite\trunk\Code\unicorn\ksmp/sysmonitor\service\servicefs.py 
E:\SVN\Aphrodite\trunk\Code\unicorn\ksmp/sysmonitor\service\__init__.py 
E:\SVN\Aphrodite\trunk\Code\unicorn\ksmp/tcp\admin.py 
E:\SVN\Aphrodite\trunk\Code\unicorn\ksmp/tcp\business.py 
E:\SVN\Aphrodite\trunk\Code\unicorn\ksmp/tcp\models.py 
E:\SVN\Aphrodite\trunk\Code\unicorn\ksmp/tcp\tests.py 
E:\SVN\Aphrodite\trunk\Code\unicorn\ksmp/tcp\urls.py 
E:\SVN\Aphrodite\trunk\Code\unicorn\ksmp/tcp\views.py 
E:\SVN\Aphrodite\trunk\Code\unicorn\ksmp/tcp\__init__.py 
E:\SVN\Aphrodite\trunk\Code\unicorn\ksmp/tcp\migrations\__init__.py 
E:\SVN\Aphrodite\trunk\Code\unicorn\ksmp/times\admin.py 
E:\SVN\Aphrodite\trunk\Code\unicorn\ksmp/times\models.py 
E:\SVN\Aphrodite\trunk\Code\unicorn\ksmp/times\tests.py 
E:\SVN\Aphrodite\trunk\Code\unicorn\ksmp/times\urls.py 
E:\SVN\Aphrodite\trunk\Code\unicorn\ksmp/times\views.py 
E:\SVN\Aphrodite\trunk\Code\unicorn\ksmp/times\__init__.py 
E:\SVN\Aphrodite\trunk\Code\unicorn\ksmp/times\migrations\__init__.py 
E:\SVN\Aphrodite\trunk\Code\unicorn\ksmp/users\admin.py 
E:\SVN\Aphrodite\trunk\Code\unicorn\ksmp/users\models.py 
E:\SVN\Aphrodite\trunk\Code\unicorn\ksmp/users\tests.py 
E:\SVN\Aphrodite\trunk\Code\unicorn\ksmp/users\urls.py 
E:\SVN\Aphrodite\trunk\Code\unicorn\ksmp/users\urls_group.py 
E:\SVN\Aphrodite\trunk\Code\unicorn\ksmp/users\views.py 
E:\SVN\Aphrodite\trunk\Code\unicorn\ksmp/users\__init__.py 
E:\SVN\Aphrodite\trunk\Code\unicorn\ksmp/users\migrations\__init__.py 
E:\SVN\Aphrodite\trunk\Code\unicorn\ksmp/utility_tools\pep8_unicorn.py 
E:\SVN\Aphrodite\trunk\Code\unicorn\ksmp/utility_tools\py_coderule_check.py 
E:\SVN\Aphrodite\trunk\Code\unicorn\ksmp/utility_tools\sourcemonitor.py 
E:\SVN\Aphrodite\trunk\Code\unicorn\ksmp/utility_tools\sourcetool.py 
E:\SVN\Aphrodite\trunk\Code\unicorn\ksmp/utility_tools\source_result.log 
E:\SVN\Aphrodite\trunk\Code\unicorn\ksmp/utility_tools\__init__.py 
END